{"/home/travis/build/npmtest/node-npmtest-superscript/test.js":{"path":"/home/travis/build/npmtest/node-npmtest-superscript/test.js","s":{"1":2,"2":2,"3":2,"4":2,"5":2,"6":2,"7":2,"8":1,"9":2,"10":2,"11":1,"12":1,"13":1,"14":1,"15":2,"16":2,"17":2,"18":2,"19":1,"20":1,"21":2,"22":2,"23":2,"24":1,"25":1,"26":1,"27":1,"28":1,"29":1,"30":1,"31":1,"32":1,"33":1,"34":1,"35":1,"36":1,"37":1,"38":1,"39":2,"40":2,"41":1,"42":2,"43":2,"44":1,"45":2,"46":2,"47":1,"48":2,"49":2,"50":1,"51":1,"52":1,"53":1,"54":1},"b":{"1":[2,1,1,1],"2":[1,1,1,1],"3":[1,1],"4":[1,1],"5":[1,1],"6":[1,1],"7":[1,1],"8":[1,1],"9":[1,1],"10":[1,1,1],"11":[1,1],"12":[1,1],"13":[1,1],"14":[1,1],"15":[1,1],"16":[1,1],"17":[1,1]},"f":{"1":2,"2":2,"3":2,"4":2,"5":2,"6":1,"7":1,"8":1,"9":2,"10":2,"11":2,"12":2,"13":1},"fnMap":{"1":{"name":"(anonymous_1)","line":12,"loc":{"start":{"line":12,"column":1},"end":{"line":12,"column":13}}},"2":{"name":"(anonymous_2)","line":19,"loc":{"start":{"line":19,"column":5},"end":{"line":19,"column":17}}},"3":{"name":"(anonymous_3)","line":23,"loc":{"start":{"line":23,"column":24},"end":{"line":23,"column":36}}},"4":{"name":"(anonymous_4)","line":61,"loc":{"start":{"line":61,"column":5},"end":{"line":61,"column":17}}},"5":{"name":"(anonymous_5)","line":82,"loc":{"start":{"line":82,"column":5},"end":{"line":82,"column":17}}},"6":{"name":"(anonymous_6)","line":91,"loc":{"start":{"line":91,"column":77},"end":{"line":94,"column":10}}},"7":{"name":"(anonymous_7)","line":112,"loc":{"start":{"line":112,"column":83},"end":{"line":115,"column":10}},"skip":true},"8":{"name":"(anonymous_8)","line":123,"loc":{"start":{"line":123,"column":77},"end":{"line":126,"column":10}},"skip":true},"9":{"name":"(anonymous_9)","line":139,"loc":{"start":{"line":139,"column":12},"end":{"line":139,"column":40}},"skip":true},"10":{"name":"(anonymous_10)","line":147,"loc":{"start":{"line":147,"column":77},"end":{"line":150,"column":10}},"skip":true},"11":{"name":"(anonymous_11)","line":158,"loc":{"start":{"line":158,"column":83},"end":{"line":161,"column":10}},"skip":true},"12":{"name":"(anonymous_12)","line":169,"loc":{"start":{"line":169,"column":79},"end":{"line":172,"column":10}},"skip":true},"13":{"name":"(anonymous_13)","line":180,"loc":{"start":{"line":180,"column":75},"end":{"line":183,"column":10}},"skip":true}},"statementMap":{"1":{"start":{"line":12,"column":0},"end":{"line":195,"column":5}},"2":{"start":{"line":14,"column":4},"end":{"line":14,"column":14}},"3":{"start":{"line":19,"column":4},"end":{"line":56,"column":9}},"4":{"start":{"line":21,"column":8},"end":{"line":21,"column":19}},"5":{"start":{"line":23,"column":8},"end":{"line":35,"column":13}},"6":{"start":{"line":24,"column":12},"end":{"line":34,"column":13}},"7":{"start":{"line":25,"column":16},"end":{"line":28,"column":30}},"8":{"start":{"line":30,"column":16},"end":{"line":33,"column":27}},"9":{"start":{"line":37,"column":8},"end":{"line":39,"column":21}},"10":{"start":{"line":40,"column":8},"end":{"line":53,"column":9}},"11":{"start":{"line":43,"column":12},"end":{"line":46,"column":14}},"12":{"start":{"line":47,"column":12},"end":{"line":47,"column":18}},"13":{"start":{"line":50,"column":12},"end":{"line":51,"column":46}},"14":{"start":{"line":52,"column":12},"end":{"line":52,"column":18}},"15":{"start":{"line":55,"column":8},"end":{"line":55,"column":35}},"16":{"start":{"line":61,"column":4},"end":{"line":63,"column":9}},"17":{"start":{"line":62,"column":8},"end":{"line":62,"column":15}},"18":{"start":{"line":64,"column":4},"end":{"line":77,"column":5}},"19":{"start":{"line":70,"column":8},"end":{"line":70,"column":14}},"20":{"start":{"line":76,"column":8},"end":{"line":76,"column":14}},"21":{"start":{"line":82,"column":4},"end":{"line":84,"column":9}},"22":{"start":{"line":83,"column":8},"end":{"line":83,"column":15}},"23":{"start":{"line":85,"column":4},"end":{"line":194,"column":5}},"24":{"start":{"line":91,"column":8},"end":{"line":99,"column":10}},"25":{"start":{"line":98,"column":12},"end":{"line":98,"column":35}},"26":{"start":{"line":102,"column":8},"end":{"line":104,"column":63}},"27":{"start":{"line":105,"column":8},"end":{"line":105,"column":14}},"28":{"start":{"line":112,"column":8},"end":{"line":121,"column":10},"skip":true},"29":{"start":{"line":119,"column":12},"end":{"line":119,"column":55},"skip":true},"30":{"start":{"line":120,"column":12},"end":{"line":120,"column":48},"skip":true},"31":{"start":{"line":123,"column":8},"end":{"line":136,"column":10},"skip":true},"32":{"start":{"line":130,"column":12},"end":{"line":130,"column":76},"skip":true},"33":{"start":{"line":131,"column":12},"end":{"line":131,"column":73},"skip":true},"34":{"start":{"line":132,"column":12},"end":{"line":132,"column":74},"skip":true},"35":{"start":{"line":133,"column":12},"end":{"line":133,"column":79},"skip":true},"36":{"start":{"line":134,"column":12},"end":{"line":134,"column":25},"skip":true},"37":{"start":{"line":135,"column":12},"end":{"line":135,"column":45},"skip":true},"38":{"start":{"line":138,"column":8},"end":{"line":145,"column":14},"skip":true},"39":{"start":{"line":143,"column":16},"end":{"line":143,"column":29},"skip":true},"40":{"start":{"line":144,"column":16},"end":{"line":144,"column":55},"skip":true},"41":{"start":{"line":147,"column":8},"end":{"line":156,"column":10},"skip":true},"42":{"start":{"line":154,"column":12},"end":{"line":154,"column":25},"skip":true},"43":{"start":{"line":155,"column":12},"end":{"line":155,"column":45},"skip":true},"44":{"start":{"line":158,"column":8},"end":{"line":167,"column":10},"skip":true},"45":{"start":{"line":165,"column":12},"end":{"line":165,"column":25},"skip":true},"46":{"start":{"line":166,"column":12},"end":{"line":166,"column":48},"skip":true},"47":{"start":{"line":169,"column":8},"end":{"line":178,"column":10},"skip":true},"48":{"start":{"line":176,"column":12},"end":{"line":176,"column":25},"skip":true},"49":{"start":{"line":177,"column":12},"end":{"line":177,"column":46},"skip":true},"50":{"start":{"line":180,"column":8},"end":{"line":189,"column":10},"skip":true},"51":{"start":{"line":187,"column":12},"end":{"line":187,"column":94},"skip":true},"52":{"start":{"line":188,"column":12},"end":{"line":188,"column":48},"skip":true},"53":{"start":{"line":192,"column":8},"end":{"line":192,"column":35},"skip":true},"54":{"start":{"line":193,"column":8},"end":{"line":193,"column":14},"skip":true}},"branchMap":{"1":{"line":25,"type":"binary-expr","locations":[{"start":{"line":25,"column":23},"end":{"line":25,"column":62}},{"start":{"line":26,"column":20},"end":{"line":26,"column":70}},{"start":{"line":27,"column":20},"end":{"line":27,"column":71}},{"start":{"line":28,"column":20},"end":{"line":28,"column":29}}]},"2":{"line":30,"type":"binary-expr","locations":[{"start":{"line":30,"column":23},"end":{"line":30,"column":37}},{"start":{"line":31,"column":20},"end":{"line":31,"column":61}},{"start":{"line":32,"column":20},"end":{"line":32,"column":70}},{"start":{"line":33,"column":20},"end":{"line":33,"column":26}}]},"3":{"line":37,"type":"cond-expr","locations":[{"start":{"line":38,"column":14},"end":{"line":38,"column":20}},{"start":{"line":39,"column":14},"end":{"line":39,"column":20}}]},"4":{"line":40,"type":"switch","locations":[{"start":{"line":42,"column":8},"end":{"line":47,"column":18}},{"start":{"line":49,"column":8},"end":{"line":52,"column":18}}]},"5":{"line":44,"type":"binary-expr","locations":[{"start":{"line":44,"column":16},"end":{"line":44,"column":44}},{"start":{"line":44,"column":48},"end":{"line":44,"column":66}}]},"6":{"line":50,"type":"binary-expr","locations":[{"start":{"line":50,"column":21},"end":{"line":50,"column":49}},{"start":{"line":50,"column":53},"end":{"line":50,"column":72}}]},"7":{"line":64,"type":"switch","locations":[{"start":{"line":69,"column":4},"end":{"line":70,"column":14}},{"start":{"line":75,"column":4},"end":{"line":76,"column":14}}]},"8":{"line":85,"type":"switch","locations":[{"start":{"line":90,"column":4},"end":{"line":105,"column":14}},{"start":{"line":111,"column":4},"end":{"line":193,"column":14},"skip":true}]},"9":{"line":91,"type":"binary-expr","locations":[{"start":{"line":91,"column":42},"end":{"line":91,"column":73}},{"start":{"line":91,"column":77},"end":{"line":99,"column":9}}]},"10":{"line":102,"type":"binary-expr","locations":[{"start":{"line":102,"column":18},"end":{"line":102,"column":32}},{"start":{"line":103,"column":12},"end":{"line":103,"column":53}},{"start":{"line":104,"column":12},"end":{"line":104,"column":61}}]},"11":{"line":112,"type":"binary-expr","locations":[{"start":{"line":112,"column":45},"end":{"line":112,"column":79},"skip":true},{"start":{"line":112,"column":83},"end":{"line":121,"column":9},"skip":true}]},"12":{"line":123,"type":"binary-expr","locations":[{"start":{"line":123,"column":42},"end":{"line":123,"column":73},"skip":true},{"start":{"line":123,"column":77},"end":{"line":136,"column":9},"skip":true}]},"13":{"line":138,"type":"binary-expr","locations":[{"start":{"line":138,"column":48},"end":{"line":138,"column":85},"skip":true},{"start":{"line":139,"column":12},"end":{"line":145,"column":13},"skip":true}]},"14":{"line":147,"type":"binary-expr","locations":[{"start":{"line":147,"column":42},"end":{"line":147,"column":73},"skip":true},{"start":{"line":147,"column":77},"end":{"line":156,"column":9},"skip":true}]},"15":{"line":158,"type":"binary-expr","locations":[{"start":{"line":158,"column":45},"end":{"line":158,"column":79},"skip":true},{"start":{"line":158,"column":83},"end":{"line":167,"column":9},"skip":true}]},"16":{"line":169,"type":"binary-expr","locations":[{"start":{"line":169,"column":43},"end":{"line":169,"column":75},"skip":true},{"start":{"line":169,"column":79},"end":{"line":178,"column":9},"skip":true}]},"17":{"line":180,"type":"binary-expr","locations":[{"start":{"line":180,"column":41},"end":{"line":180,"column":71},"skip":true},{"start":{"line":180,"column":75},"end":{"line":189,"column":9},"skip":true}]}},"code":["/* istanbul instrument in package npmtest_superscript */","/*jslint","    bitwise: true,","    browser: true,","    maxerr: 8,","    maxlen: 96,","    node: true,","    nomen: true,","    regexp: true,","    stupid: true","*/","(function () {","    'use strict';","    var local;","","","","    // run shared js-env code - pre-init","    (function () {","        // init local","        local = {};","        // init modeJs","        local.modeJs = (function () {","            try {","                return typeof navigator.userAgent === 'string' &&","                    typeof document.querySelector('body') === 'object' &&","                    typeof XMLHttpRequest.prototype.open === 'function' &&","                    'browser';","            } catch (errorCaughtBrowser) {","                return module.exports &&","                    typeof process.versions.node === 'string' &&","                    typeof require('http').createServer === 'function' &&","                    'node';","            }","        }());","        // init global","        local.global = local.modeJs === 'browser'","            ? window","            : global;","        switch (local.modeJs) {","        // re-init local from window.local","        case 'browser':","            local = local.global.utility2.objectSetDefault(","                local.global.utility2_rollup || local.global.local,","                local.global.utility2","            );","            break;","        // re-init local from example.js","        case 'node':","            local = (local.global.utility2_rollup || require('utility2'))","                .requireExampleJsFromReadme();","            break;","        }","        // export local","        local.global.local = local;","    }());","","","","    // run shared js-env code - function","    (function () {","        return;","    }());","    switch (local.modeJs) {","","","","    // run browser js-env code - function","    case 'browser':","        break;","","","","    // run node js-env code - function","    case 'node':","        break;","    }","","","","    // run shared js-env code - post-init","    (function () {","        return;","    }());","    switch (local.modeJs) {","","","","    // run browser js-env code - post-init","    case 'browser':","        local.testCase_browser_nullCase = local.testCase_browser_nullCase || function (","            options,","            onError","        ) {","        /*","         * this function will test browsers's null-case handling-behavior-behavior","         */","            onError(null, options);","        };","","        // run tests","        local.nop(local.modeTest &&","            document.querySelector('#testRunButton1') &&","            document.querySelector('#testRunButton1').click());","        break;","","","","    // run node js-env code - post-init","    /* istanbul ignore next */","    case 'node':","        local.testCase_buildApidoc_default = local.testCase_buildApidoc_default || function (","            options,","            onError","        ) {","        /*","         * this function will test buildApidoc's default handling-behavior-behavior","         */","            options = { modulePathList: module.paths };","            local.buildApidoc(options, onError);","        };","","        local.testCase_buildApp_default = local.testCase_buildApp_default || function (","            options,","            onError","        ) {","        /*","         * this function will test buildApp's default handling-behavior-behavior","         */","            local.testCase_buildReadme_default(options, local.onErrorThrow);","            local.testCase_buildLib_default(options, local.onErrorThrow);","            local.testCase_buildTest_default(options, local.onErrorThrow);","            local.testCase_buildCustomOrg_default(options, local.onErrorThrow);","            options = [];","            local.buildApp(options, onError);","        };","","        local.testCase_buildCustomOrg_default = local.testCase_buildCustomOrg_default ||","            function (options, onError) {","            /*","             * this function will test buildCustomOrg's default handling-behavior","             */","                options = {};","                local.buildCustomOrg(options, onError);","            };","","        local.testCase_buildLib_default = local.testCase_buildLib_default || function (","            options,","            onError","        ) {","        /*","         * this function will test buildLib's default handling-behavior","         */","            options = {};","            local.buildLib(options, onError);","        };","","        local.testCase_buildReadme_default = local.testCase_buildReadme_default || function (","            options,","            onError","        ) {","        /*","         * this function will test buildReadme's default handling-behavior-behavior","         */","            options = {};","            local.buildReadme(options, onError);","        };","","        local.testCase_buildTest_default = local.testCase_buildTest_default || function (","            options,","            onError","        ) {","        /*","         * this function will test buildTest's default handling-behavior","         */","            options = {};","            local.buildTest(options, onError);","        };","","        local.testCase_webpage_default = local.testCase_webpage_default || function (","            options,","            onError","        ) {","        /*","         * this function will test webpage's default handling-behavior","         */","            options = { modeCoverageMerge: true, url: local.serverLocalHost + '?modeTest=1' };","            local.browserTest(options, onError);","        };","","        // run test-server","        local.testRunServer(local);","        break;","    }","}());",""],"l":{"12":2,"14":2,"19":2,"21":2,"23":2,"24":2,"25":2,"30":1,"37":2,"40":2,"43":1,"47":1,"50":1,"52":1,"55":2,"61":2,"62":2,"64":2,"70":1,"76":1,"82":2,"83":2,"85":2,"91":1,"98":1,"102":1,"105":1,"112":1,"119":1,"120":1,"123":1,"130":1,"131":1,"132":1,"133":1,"134":1,"135":1,"138":1,"143":2,"144":2,"147":1,"154":2,"155":2,"158":1,"165":2,"166":2,"169":1,"176":2,"177":2,"180":1,"187":1,"188":1,"192":1,"193":1}},"/home/travis/build/npmtest/node-npmtest-superscript/lib.npmtest_superscript.js":{"path":"/home/travis/build/npmtest/node-npmtest-superscript/lib.npmtest_superscript.js","s":{"1":2,"2":2,"3":2,"4":2,"5":2,"6":2,"7":2,"8":1,"9":2,"10":2,"11":2,"12":2,"13":1,"14":1,"15":1,"16":1},"b":{"1":[2,1,1,1],"2":[1,1,1,1],"3":[1,1],"4":[2,2],"5":[1,1]},"f":{"1":2,"2":2,"3":2},"fnMap":{"1":{"name":"(anonymous_1)","line":12,"loc":{"start":{"line":12,"column":1},"end":{"line":12,"column":13}}},"2":{"name":"(anonymous_2)","line":19,"loc":{"start":{"line":19,"column":5},"end":{"line":19,"column":17}}},"3":{"name":"(anonymous_3)","line":23,"loc":{"start":{"line":23,"column":24},"end":{"line":23,"column":36}}}},"statementMap":{"1":{"start":{"line":12,"column":0},"end":{"line":53,"column":5}},"2":{"start":{"line":14,"column":4},"end":{"line":14,"column":14}},"3":{"start":{"line":19,"column":4},"end":{"line":52,"column":9}},"4":{"start":{"line":21,"column":8},"end":{"line":21,"column":19}},"5":{"start":{"line":23,"column":8},"end":{"line":35,"column":13}},"6":{"start":{"line":24,"column":12},"end":{"line":34,"column":13}},"7":{"start":{"line":25,"column":16},"end":{"line":28,"column":30}},"8":{"start":{"line":30,"column":16},"end":{"line":33,"column":27}},"9":{"start":{"line":37,"column":8},"end":{"line":39,"column":21}},"10":{"start":{"line":41,"column":8},"end":{"line":41,"column":54}},"11":{"start":{"line":43,"column":8},"end":{"line":43,"column":56}},"12":{"start":{"line":45,"column":8},"end":{"line":51,"column":9}},"13":{"start":{"line":46,"column":12},"end":{"line":46,"column":62}},"14":{"start":{"line":48,"column":12},"end":{"line":48,"column":35}},"15":{"start":{"line":49,"column":12},"end":{"line":49,"column":49}},"16":{"start":{"line":50,"column":12},"end":{"line":50,"column":43}}},"branchMap":{"1":{"line":25,"type":"binary-expr","locations":[{"start":{"line":25,"column":23},"end":{"line":25,"column":62}},{"start":{"line":26,"column":20},"end":{"line":26,"column":70}},{"start":{"line":27,"column":20},"end":{"line":27,"column":71}},{"start":{"line":28,"column":20},"end":{"line":28,"column":29}}]},"2":{"line":30,"type":"binary-expr","locations":[{"start":{"line":30,"column":23},"end":{"line":30,"column":37}},{"start":{"line":31,"column":20},"end":{"line":31,"column":61}},{"start":{"line":32,"column":20},"end":{"line":32,"column":70}},{"start":{"line":33,"column":20},"end":{"line":33,"column":26}}]},"3":{"line":37,"type":"cond-expr","locations":[{"start":{"line":38,"column":14},"end":{"line":38,"column":20}},{"start":{"line":39,"column":14},"end":{"line":39,"column":20}}]},"4":{"line":41,"type":"binary-expr","locations":[{"start":{"line":41,"column":16},"end":{"line":41,"column":44}},{"start":{"line":41,"column":48},"end":{"line":41,"column":53}}]},"5":{"line":45,"type":"if","locations":[{"start":{"line":45,"column":8},"end":{"line":45,"column":8}},{"start":{"line":45,"column":8},"end":{"line":45,"column":8}}]}},"code":["/* istanbul instrument in package npmtest_superscript */","/*jslint","    bitwise: true,","    browser: true,","    maxerr: 8,","    maxlen: 96,","    node: true,","    nomen: true,","    regexp: true,","    stupid: true","*/","(function () {","    'use strict';","    var local;","","","","    // run shared js-env code - pre-init","    (function () {","        // init local","        local = {};","        // init modeJs","        local.modeJs = (function () {","            try {","                return typeof navigator.userAgent === 'string' &&","                    typeof document.querySelector('body') === 'object' &&","                    typeof XMLHttpRequest.prototype.open === 'function' &&","                    'browser';","            } catch (errorCaughtBrowser) {","                return module.exports &&","                    typeof process.versions.node === 'string' &&","                    typeof require('http').createServer === 'function' &&","                    'node';","            }","        }());","        // init global","        local.global = local.modeJs === 'browser'","            ? window","            : global;","        // init utility2_rollup","        local = local.global.utility2_rollup || local;","        // init lib","        local.local = local.npmtest_superscript = local;","        // init exports","        if (local.modeJs === 'browser') {","            local.global.utility2_npmtest_superscript = local;","        } else {","            module.exports = local;","            module.exports.__dirname = __dirname;","            module.exports.module = module;","        }","    }());","}());",""],"l":{"12":2,"14":2,"19":2,"21":2,"23":2,"24":2,"25":2,"30":1,"37":2,"41":2,"43":2,"45":2,"46":1,"48":1,"49":1,"50":1}},"/home/travis/build/npmtest/node-npmtest-superscript/example.js":{"path":"/home/travis/build/npmtest/node-npmtest-superscript/example.js","s":{"1":2,"2":2,"3":2,"4":2,"5":2,"6":2,"7":2,"8":1,"9":2,"10":2,"11":2,"12":2,"13":1,"14":2,"15":2,"16":2,"17":2,"18":2,"19":0,"20":2,"21":1,"22":1,"23":1,"24":1,"25":1,"26":0,"27":0,"28":1,"29":1,"30":2,"31":0,"32":0,"33":0,"34":1,"35":2,"36":2,"37":3,"38":3,"39":3,"40":3,"41":0,"42":3,"43":3,"44":3,"45":1,"46":3,"47":1,"48":1,"49":1,"50":1,"51":1,"52":1,"53":1,"54":1,"55":1,"56":1,"57":0,"58":1,"59":6,"60":6,"61":1,"62":2,"63":0,"64":2,"65":1,"66":1,"67":0,"68":0,"69":0,"70":0,"71":0,"72":0,"73":0,"74":0,"75":0,"76":0,"77":0,"78":0,"79":0,"80":0,"81":0,"82":0,"83":0},"b":{"1":[2,1,1,1],"2":[1,1,1,1],"3":[1,1],"4":[2,2],"5":[1,1],"6":[1,1],"7":[2,0],"8":[2,1,1,1,1,1],"9":[0,2,0],"10":[1,1],"11":[2,1,1],"12":[1,0],"13":[0,2],"14":[2,0,0,0,0,0,0],"15":[0,3],"16":[3,0],"17":[1,1],"18":[0,1],"19":[1,2,0,2],"20":[1,0],"21":[1,1],"22":[0,0],"23":[0,0],"24":[0,0],"25":[0,0],"26":[0,0],"27":[0,0],"28":[0,0]},"f":{"1":2,"2":2,"3":2,"4":2,"5":2,"6":2,"7":3,"8":3,"9":3,"10":1,"11":6,"12":0},"fnMap":{"1":{"name":"(anonymous_1)","line":26,"loc":{"start":{"line":26,"column":1},"end":{"line":26,"column":13}}},"2":{"name":"(anonymous_2)","line":33,"loc":{"start":{"line":33,"column":5},"end":{"line":33,"column":17}}},"3":{"name":"(anonymous_3)","line":37,"loc":{"start":{"line":37,"column":24},"end":{"line":37,"column":36}}},"4":{"name":"(anonymous_4)","line":69,"loc":{"start":{"line":69,"column":31},"end":{"line":69,"column":48}},"skip":true},"5":{"name":"(anonymous_5)","line":78,"loc":{"start":{"line":78,"column":26},"end":{"line":78,"column":45}},"skip":true},"6":{"name":"(anonymous_6)","line":123,"loc":{"start":{"line":123,"column":33},"end":{"line":123,"column":48}},"skip":true},"7":{"name":"(anonymous_7)","line":125,"loc":{"start":{"line":125,"column":27},"end":{"line":125,"column":39}},"skip":true},"8":{"name":"(anonymous_8)","line":133,"loc":{"start":{"line":133,"column":59},"end":{"line":133,"column":74}},"skip":true},"9":{"name":"(anonymous_9)","line":143,"loc":{"start":{"line":143,"column":45},"end":{"line":143,"column":62}},"skip":true},"10":{"name":"(anonymous_10)","line":144,"loc":{"start":{"line":144,"column":73},"end":{"line":144,"column":92}},"skip":true},"11":{"name":"(anonymous_11)","line":272,"loc":{"start":{"line":272,"column":51},"end":{"line":272,"column":77}},"skip":true},"12":{"name":"(anonymous_12)","line":315,"loc":{"start":{"line":315,"column":32},"end":{"line":315,"column":61}},"skip":true}},"statementMap":{"1":{"start":{"line":26,"column":0},"end":{"line":326,"column":5}},"2":{"start":{"line":28,"column":4},"end":{"line":28,"column":14}},"3":{"start":{"line":33,"column":4},"end":{"line":60,"column":9}},"4":{"start":{"line":35,"column":8},"end":{"line":35,"column":19}},"5":{"start":{"line":37,"column":8},"end":{"line":49,"column":13}},"6":{"start":{"line":38,"column":12},"end":{"line":48,"column":13}},"7":{"start":{"line":39,"column":16},"end":{"line":42,"column":30}},"8":{"start":{"line":44,"column":16},"end":{"line":47,"column":27}},"9":{"start":{"line":51,"column":8},"end":{"line":53,"column":21}},"10":{"start":{"line":55,"column":8},"end":{"line":57,"column":45}},"11":{"start":{"line":59,"column":8},"end":{"line":59,"column":35}},"12":{"start":{"line":61,"column":4},"end":{"line":325,"column":5}},"13":{"start":{"line":69,"column":8},"end":{"line":121,"column":10},"skip":true},"14":{"start":{"line":70,"column":12},"end":{"line":88,"column":13},"skip":true},"15":{"start":{"line":76,"column":16},"end":{"line":87,"column":19},"skip":true},"16":{"start":{"line":79,"column":20},"end":{"line":86,"column":21},"skip":true},"17":{"start":{"line":82,"column":24},"end":{"line":82,"column":43},"skip":true},"18":{"start":{"line":83,"column":24},"end":{"line":83,"column":30},"skip":true},"19":{"start":{"line":85,"column":24},"end":{"line":85,"column":49},"skip":true},"20":{"start":{"line":89,"column":12},"end":{"line":107,"column":13},"skip":true},"21":{"start":{"line":92,"column":16},"end":{"line":102,"column":17},"skip":true},"22":{"start":{"line":93,"column":20},"end":{"line":93,"column":86},"skip":true},"23":{"start":{"line":94,"column":20},"end":{"line":95,"column":45},"skip":true},"24":{"start":{"line":96,"column":20},"end":{"line":96,"column":42},"skip":true},"25":{"start":{"line":97,"column":20},"end":{"line":97,"column":48},"skip":true},"26":{"start":{"line":100,"column":20},"end":{"line":100,"column":85},"skip":true},"27":{"start":{"line":101,"column":20},"end":{"line":101,"column":96},"skip":true},"28":{"start":{"line":103,"column":16},"end":{"line":103,"column":22},"skip":true},"29":{"start":{"line":106,"column":16},"end":{"line":106,"column":22},"skip":true},"30":{"start":{"line":108,"column":12},"end":{"line":120,"column":13},"skip":true},"31":{"start":{"line":114,"column":16},"end":{"line":119,"column":17},"skip":true},"32":{"start":{"line":116,"column":20},"end":{"line":116,"column":78},"skip":true},"33":{"start":{"line":118,"column":20},"end":{"line":118,"column":47},"skip":true},"34":{"start":{"line":123,"column":8},"end":{"line":141,"column":11},"skip":true},"35":{"start":{"line":124,"column":12},"end":{"line":124,"column":54},"skip":true},"36":{"start":{"line":125,"column":12},"end":{"line":140,"column":14},"skip":true},"37":{"start":{"line":126,"column":16},"end":{"line":126,"column":28},"skip":true},"38":{"start":{"line":127,"column":16},"end":{"line":127,"column":69},"skip":true},"39":{"start":{"line":128,"column":16},"end":{"line":128,"column":75},"skip":true},"40":{"start":{"line":129,"column":16},"end":{"line":131,"column":17},"skip":true},"41":{"start":{"line":130,"column":20},"end":{"line":130,"column":27},"skip":true},"42":{"start":{"line":133,"column":16},"end":{"line":137,"column":36},"skip":true},"43":{"start":{"line":134,"column":20},"end":{"line":136,"column":55},"skip":true},"44":{"start":{"line":139,"column":16},"end":{"line":139,"column":57},"skip":true},"45":{"start":{"line":143,"column":8},"end":{"line":147,"column":11},"skip":true},"46":{"start":{"line":144,"column":12},"end":{"line":146,"column":15},"skip":true},"47":{"start":{"line":145,"column":16},"end":{"line":145,"column":70},"skip":true},"48":{"start":{"line":149,"column":8},"end":{"line":149,"column":31},"skip":true},"49":{"start":{"line":150,"column":8},"end":{"line":150,"column":14},"skip":true},"50":{"start":{"line":158,"column":8},"end":{"line":158,"column":31},"skip":true},"51":{"start":{"line":160,"column":8},"end":{"line":160,"column":33},"skip":true},"52":{"start":{"line":161,"column":8},"end":{"line":161,"column":37},"skip":true},"53":{"start":{"line":162,"column":8},"end":{"line":162,"column":35},"skip":true},"54":{"start":{"line":164,"column":8},"end":{"line":164,"column":50},"skip":true},"55":{"start":{"line":166,"column":8},"end":{"line":256,"column":2},"skip":true},"56":{"start":{"line":258,"column":8},"end":{"line":286,"column":9},"skip":true},"57":{"start":{"line":259,"column":12},"end":{"line":269,"column":14},"skip":true},"58":{"start":{"line":271,"column":12},"end":{"line":285,"column":19},"skip":true},"59":{"start":{"line":274,"column":20},"end":{"line":274,"column":35},"skip":true},"60":{"start":{"line":275,"column":20},"end":{"line":284,"column":21},"skip":true},"61":{"start":{"line":277,"column":24},"end":{"line":277,"column":64},"skip":true},"62":{"start":{"line":279,"column":24},"end":{"line":279,"column":40},"skip":true},"63":{"start":{"line":281,"column":24},"end":{"line":281,"column":40},"skip":true},"64":{"start":{"line":283,"column":24},"end":{"line":283,"column":39},"skip":true},"65":{"start":{"line":288,"column":8},"end":{"line":290,"column":9},"skip":true},"66":{"start":{"line":289,"column":12},"end":{"line":289,"column":18},"skip":true},"67":{"start":{"line":291,"column":8},"end":{"line":293,"column":54},"skip":true},"68":{"start":{"line":296,"column":8},"end":{"line":301,"column":37},"skip":true},"69":{"start":{"line":303,"column":8},"end":{"line":303,"column":82},"skip":true},"70":{"start":{"line":306,"column":8},"end":{"line":308,"column":9},"skip":true},"71":{"start":{"line":307,"column":12},"end":{"line":307,"column":82},"skip":true},"72":{"start":{"line":310,"column":8},"end":{"line":312,"column":9},"skip":true},"73":{"start":{"line":311,"column":12},"end":{"line":311,"column":18},"skip":true},"74":{"start":{"line":313,"column":8},"end":{"line":313,"column":54},"skip":true},"75":{"start":{"line":314,"column":8},"end":{"line":314,"column":69},"skip":true},"76":{"start":{"line":315,"column":8},"end":{"line":323,"column":36},"skip":true},"77":{"start":{"line":316,"column":12},"end":{"line":316,"column":61},"skip":true},"78":{"start":{"line":317,"column":12},"end":{"line":320,"column":13},"skip":true},"79":{"start":{"line":318,"column":16},"end":{"line":318,"column":75},"skip":true},"80":{"start":{"line":319,"column":16},"end":{"line":319,"column":23},"skip":true},"81":{"start":{"line":321,"column":12},"end":{"line":321,"column":38},"skip":true},"82":{"start":{"line":322,"column":12},"end":{"line":322,"column":27},"skip":true},"83":{"start":{"line":324,"column":8},"end":{"line":324,"column":14},"skip":true}},"branchMap":{"1":{"line":39,"type":"binary-expr","locations":[{"start":{"line":39,"column":23},"end":{"line":39,"column":62}},{"start":{"line":40,"column":20},"end":{"line":40,"column":70}},{"start":{"line":41,"column":20},"end":{"line":41,"column":71}},{"start":{"line":42,"column":20},"end":{"line":42,"column":29}}]},"2":{"line":44,"type":"binary-expr","locations":[{"start":{"line":44,"column":23},"end":{"line":44,"column":37}},{"start":{"line":45,"column":20},"end":{"line":45,"column":61}},{"start":{"line":46,"column":20},"end":{"line":46,"column":70}},{"start":{"line":47,"column":20},"end":{"line":47,"column":26}}]},"3":{"line":51,"type":"cond-expr","locations":[{"start":{"line":52,"column":14},"end":{"line":52,"column":20}},{"start":{"line":53,"column":14},"end":{"line":53,"column":20}}]},"4":{"line":55,"type":"binary-expr","locations":[{"start":{"line":55,"column":16},"end":{"line":55,"column":44}},{"start":{"line":55,"column":49},"end":{"line":57,"column":43}}]},"5":{"line":55,"type":"cond-expr","locations":[{"start":{"line":56,"column":14},"end":{"line":56,"column":55}},{"start":{"line":57,"column":14},"end":{"line":57,"column":43}}]},"6":{"line":61,"type":"switch","locations":[{"start":{"line":68,"column":4},"end":{"line":150,"column":14},"skip":true},{"start":{"line":156,"column":4},"end":{"line":324,"column":14},"skip":true}]},"7":{"line":70,"type":"if","locations":[{"start":{"line":70,"column":12},"end":{"line":70,"column":12},"skip":true},{"start":{"line":70,"column":12},"end":{"line":70,"column":12},"skip":true}]},"8":{"line":70,"type":"binary-expr","locations":[{"start":{"line":70,"column":16},"end":{"line":70,"column":22},"skip":true},{"start":{"line":70,"column":27},"end":{"line":70,"column":32},"skip":true},{"start":{"line":71,"column":20},"end":{"line":71,"column":39},"skip":true},{"start":{"line":72,"column":20},"end":{"line":72,"column":49},"skip":true},{"start":{"line":73,"column":20},"end":{"line":73,"column":58},"skip":true},{"start":{"line":74,"column":20},"end":{"line":74,"column":69},"skip":true}]},"9":{"line":79,"type":"switch","locations":[{"start":{"line":80,"column":20},"end":{"line":80,"column":33},"skip":true},{"start":{"line":81,"column":20},"end":{"line":83,"column":30},"skip":true},{"start":{"line":84,"column":20},"end":{"line":85,"column":49},"skip":true}]},"10":{"line":89,"type":"switch","locations":[{"start":{"line":90,"column":12},"end":{"line":103,"column":22},"skip":true},{"start":{"line":105,"column":12},"end":{"line":106,"column":22},"skip":true}]},"11":{"line":89,"type":"binary-expr","locations":[{"start":{"line":89,"column":20},"end":{"line":89,"column":25},"skip":true},{"start":{"line":89,"column":29},"end":{"line":89,"column":48},"skip":true},{"start":{"line":89,"column":52},"end":{"line":89,"column":74},"skip":true}]},"12":{"line":92,"type":"if","locations":[{"start":{"line":92,"column":16},"end":{"line":92,"column":16},"skip":true},{"start":{"line":92,"column":16},"end":{"line":92,"column":16},"skip":true}]},"13":{"line":108,"type":"if","locations":[{"start":{"line":108,"column":12},"end":{"line":108,"column":12},"skip":true},{"start":{"line":108,"column":12},"end":{"line":108,"column":12},"skip":true}]},"14":{"line":108,"type":"binary-expr","locations":[{"start":{"line":108,"column":16},"end":{"line":108,"column":61},"skip":true},{"start":{"line":108,"column":66},"end":{"line":108,"column":72},"skip":true},{"start":{"line":108,"column":77},"end":{"line":108,"column":82},"skip":true},{"start":{"line":109,"column":20},"end":{"line":109,"column":39},"skip":true},{"start":{"line":110,"column":20},"end":{"line":110,"column":49},"skip":true},{"start":{"line":111,"column":20},"end":{"line":111,"column":58},"skip":true},{"start":{"line":112,"column":20},"end":{"line":112,"column":68},"skip":true}]},"15":{"line":129,"type":"if","locations":[{"start":{"line":129,"column":16},"end":{"line":129,"column":16},"skip":true},{"start":{"line":129,"column":16},"end":{"line":129,"column":16},"skip":true}]},"16":{"line":134,"type":"cond-expr","locations":[{"start":{"line":135,"column":26},"end":{"line":135,"column":29},"skip":true},{"start":{"line":136,"column":26},"end":{"line":136,"column":54},"skip":true}]},"17":{"line":164,"type":"binary-expr","locations":[{"start":{"line":164,"column":27},"end":{"line":164,"column":43},"skip":true},{"start":{"line":164,"column":47},"end":{"line":164,"column":49},"skip":true}]},"18":{"line":258,"type":"if","locations":[{"start":{"line":258,"column":8},"end":{"line":258,"column":8},"skip":true},{"start":{"line":258,"column":8},"end":{"line":258,"column":8},"skip":true}]},"19":{"line":275,"type":"switch","locations":[{"start":{"line":276,"column":20},"end":{"line":277,"column":64},"skip":true},{"start":{"line":278,"column":20},"end":{"line":279,"column":40},"skip":true},{"start":{"line":280,"column":20},"end":{"line":281,"column":40},"skip":true},{"start":{"line":282,"column":20},"end":{"line":283,"column":39},"skip":true}]},"20":{"line":288,"type":"if","locations":[{"start":{"line":288,"column":8},"end":{"line":288,"column":8},"skip":true},{"start":{"line":288,"column":8},"end":{"line":288,"column":8},"skip":true}]},"21":{"line":288,"type":"binary-expr","locations":[{"start":{"line":288,"column":12},"end":{"line":288,"column":40},"skip":true},{"start":{"line":288,"column":44},"end":{"line":288,"column":67},"skip":true}]},"22":{"line":292,"type":"binary-expr","locations":[{"start":{"line":292,"column":12},"end":{"line":292,"column":50},"skip":true},{"start":{"line":293,"column":12},"end":{"line":293,"column":53},"skip":true}]},"23":{"line":297,"type":"binary-expr","locations":[{"start":{"line":297,"column":12},"end":{"line":297,"column":69},"skip":true},{"start":{"line":298,"column":12},"end":{"line":301,"column":36},"skip":true}]},"24":{"line":303,"type":"binary-expr","locations":[{"start":{"line":303,"column":43},"end":{"line":303,"column":75},"skip":true},{"start":{"line":303,"column":79},"end":{"line":303,"column":81},"skip":true}]},"25":{"line":306,"type":"if","locations":[{"start":{"line":306,"column":8},"end":{"line":306,"column":8},"skip":true},{"start":{"line":306,"column":8},"end":{"line":306,"column":8},"skip":true}]},"26":{"line":310,"type":"if","locations":[{"start":{"line":310,"column":8},"end":{"line":310,"column":8},"skip":true},{"start":{"line":310,"column":8},"end":{"line":310,"column":8},"skip":true}]},"27":{"line":313,"type":"binary-expr","locations":[{"start":{"line":313,"column":27},"end":{"line":313,"column":43},"skip":true},{"start":{"line":313,"column":47},"end":{"line":313,"column":53},"skip":true}]},"28":{"line":317,"type":"if","locations":[{"start":{"line":317,"column":12},"end":{"line":317,"column":12},"skip":true},{"start":{"line":317,"column":12},"end":{"line":317,"column":12},"skip":true}]}},"code":["/*","example.js","","quickstart example","","instruction","    1. save this script as example.js","    2. run the shell command:","        $ npm install npmtest-superscript && PORT=8081 node example.js","    3. play with the browser-demo on http://127.0.0.1:8081","*/","","","","/* istanbul instrument in package npmtest_superscript */","/*jslint","    bitwise: true,","    browser: true,","    maxerr: 8,","    maxlen: 96,","    node: true,","    nomen: true,","    regexp: true,","    stupid: true","*/","(function () {","    'use strict';","    var local;","","","","    // run shared js-env code - pre-init","    (function () {","        // init local","        local = {};","        // init modeJs","        local.modeJs = (function () {","            try {","                return typeof navigator.userAgent === 'string' &&","                    typeof document.querySelector('body') === 'object' &&","                    typeof XMLHttpRequest.prototype.open === 'function' &&","                    'browser';","            } catch (errorCaughtBrowser) {","                return module.exports &&","                    typeof process.versions.node === 'string' &&","                    typeof require('http').createServer === 'function' &&","                    'node';","            }","        }());","        // init global","        local.global = local.modeJs === 'browser'","            ? window","            : global;","        // init utility2_rollup","        local = local.global.utility2_rollup || (local.modeJs === 'browser'","            ? local.global.utility2_npmtest_superscript","            : global.utility2_moduleExports);","        // export local","        local.global.local = local;","    }());","    switch (local.modeJs) {","","","","    // post-init","    // run browser js-env code - post-init","    /* istanbul ignore next */","    case 'browser':","        local.testRunBrowser = function (event) {","            if (!event || (event &&","                    event.currentTarget &&","                    event.currentTarget.className &&","                    event.currentTarget.className.includes &&","                    event.currentTarget.className.includes('onreset'))) {","                // reset output","                Array.from(","                    document.querySelectorAll('body > .resettable')","                ).forEach(function (element) {","                    switch (element.tagName) {","                    case 'INPUT':","                    case 'TEXTAREA':","                        element.value = '';","                        break;","                    default:","                        element.textContent = '';","                    }","                });","            }","            switch (event && event.currentTarget && event.currentTarget.id) {","            case 'testRunButton1':","                // show tests","                if (document.querySelector('#testReportDiv1').style.display === 'none') {","                    document.querySelector('#testReportDiv1').style.display = 'block';","                    document.querySelector('#testRunButton1').textContent =","                        'hide internal test';","                    local.modeTest = true;","                    local.testRunDefault(local);","                // hide tests","                } else {","                    document.querySelector('#testReportDiv1').style.display = 'none';","                    document.querySelector('#testRunButton1').textContent = 'run internal test';","                }","                break;","            // custom-case","            default:","                break;","            }","            if (document.querySelector('#inputTextareaEval1') && (!event || (event &&","                    event.currentTarget &&","                    event.currentTarget.className &&","                    event.currentTarget.className.includes &&","                    event.currentTarget.className.includes('oneval')))) {","                // try to eval input-code","                try {","                    /*jslint evil: true*/","                    eval(document.querySelector('#inputTextareaEval1').value);","                } catch (errorCaught) {","                    console.error(errorCaught);","                }","            }","        };","        // log stderr and stdout to #outputTextareaStdout1","        ['error', 'log'].forEach(function (key) {","            console[key + '_original'] = console[key];","            console[key] = function () {","                var element;","                console[key + '_original'].apply(console, arguments);","                element = document.querySelector('#outputTextareaStdout1');","                if (!element) {","                    return;","                }","                // append text to #outputTextareaStdout1","                element.value += Array.from(arguments).map(function (arg) {","                    return typeof arg === 'string'","                        ? arg","                        : JSON.stringify(arg, null, 4);","                }).join(' ') + '\\n';","                // scroll textarea to bottom","                element.scrollTop = element.scrollHeight;","            };","        });","        // init event-handling","        ['change', 'click', 'keyup'].forEach(function (event) {","            Array.from(document.querySelectorAll('.on' + event)).forEach(function (element) {","                element.addEventListener(event, local.testRunBrowser);","            });","        });","        // run tests","        local.testRunBrowser();","        break;","","","","    // run node js-env code - post-init","    /* istanbul ignore next */","    case 'node':","        // export local","        module.exports = local;","        // require modules","        local.fs = require('fs');","        local.http = require('http');","        local.url = require('url');","        // init assets","        local.assetsDict = local.assetsDict || {};","        /* jslint-ignore-begin */","        local.assetsDict['/assets.index.template.html'] = '\\","<!doctype html>\\n\\","<html lang=\"en\">\\n\\","<head>\\n\\","<meta charset=\"UTF-8\">\\n\\","<meta name=\"viewport\" content=\"width=device-width, initial-scale=1\">\\n\\","<title>{{env.npm_package_name}} (v{{env.npm_package_version}})</title>\\n\\","<style>\\n\\","/*csslint\\n\\","    box-sizing: false,\\n\\","    universal-selector: false\\n\\","*/\\n\\","* {\\n\\","    box-sizing: border-box;\\n\\","}\\n\\","body {\\n\\","    background: #dde;\\n\\","    font-family: Arial, Helvetica, sans-serif;\\n\\","    margin: 2rem;\\n\\","}\\n\\","body > * {\\n\\","    margin-bottom: 1rem;\\n\\","}\\n\\",".utility2FooterDiv {\\n\\","    margin-top: 20px;\\n\\","    text-align: center;\\n\\","}\\n\\","</style>\\n\\","<style>\\n\\","/*csslint\\n\\","*/\\n\\","textarea {\\n\\","    font-family: monospace;\\n\\","    height: 10rem;\\n\\","    width: 100%;\\n\\","}\\n\\","textarea[readonly] {\\n\\","    background: #ddd;\\n\\","}\\n\\","</style>\\n\\","</head>\\n\\","<body>\\n\\","<!-- utility2-comment\\n\\","<div id=\"ajaxProgressDiv1\" style=\"background: #d00; height: 2px; left: 0; margin: 0; padding: 0; position: fixed; top: 0; transition: background 0.5s, width 1.5s; width: 25%;\"></div>\\n\\","utility2-comment -->\\n\\","<h1>\\n\\","<!-- utility2-comment\\n\\","    <a\\n\\","        {{#if env.npm_package_homepage}}\\n\\","        href=\"{{env.npm_package_homepage}}\"\\n\\","        {{/if env.npm_package_homepage}}\\n\\","        target=\"_blank\"\\n\\","    >\\n\\","utility2-comment -->\\n\\","        {{env.npm_package_name}} (v{{env.npm_package_version}})\\n\\","<!-- utility2-comment\\n\\","    </a>\\n\\","utility2-comment -->\\n\\","</h1>\\n\\","<h3>{{env.npm_package_description}}</h3>\\n\\","<!-- utility2-comment\\n\\","<h4><a download href=\"assets.app.js\">download standalone app</a></h4>\\n\\","<button class=\"onclick onreset\" id=\"testRunButton1\">run internal test</button><br>\\n\\","<div id=\"testReportDiv1\" style=\"display: none;\"></div>\\n\\","utility2-comment -->\\n\\","\\n\\","\\n\\","\\n\\","<label>stderr and stdout</label>\\n\\","<textarea class=\"resettable\" id=\"outputTextareaStdout1\" readonly></textarea>\\n\\","<!-- utility2-comment\\n\\","{{#if isRollup}}\\n\\","<script src=\"assets.app.js\"></script>\\n\\","{{#unless isRollup}}\\n\\","utility2-comment -->\\n\\","<script src=\"assets.utility2.rollup.js\"></script>\\n\\","<script src=\"jsonp.utility2._stateInit?callback=window.utility2._stateInit\"></script>\\n\\","<script src=\"assets.npmtest_superscript.rollup.js\"></script>\\n\\","<script src=\"assets.example.js\"></script>\\n\\","<script src=\"assets.test.js\"></script>\\n\\","<!-- utility2-comment\\n\\","{{/if isRollup}}\\n\\","utility2-comment -->\\n\\","<div class=\"utility2FooterDiv\">\\n\\","    [ this app was created with\\n\\","    <a href=\"https://github.com/kaizhu256/node-utility2\" target=\"_blank\">utility2</a>\\n\\","    ]\\n\\","</div>\\n\\","</body>\\n\\","</html>\\n\\","';","        /* jslint-ignore-end */","        if (local.templateRender) {","            local.assetsDict['/'] = local.templateRender(","                local.assetsDict['/assets.index.template.html'],","                {","                    env: local.objectSetDefault(local.env, {","                        npm_package_description: 'the greatest app in the world!',","                        npm_package_name: 'my-app',","                        npm_package_nameAlias: 'my_app',","                        npm_package_version: '0.0.1'","                    })","                }","            );","        } else {","            local.assetsDict['/'] = local.assetsDict['/assets.index.template.html']","                .replace((/\\{\\{env\\.(\\w+?)\\}\\}/g), function (match0, match1) {","                    // jslint-hack","                    String(match0);","                    switch (match1) {","                    case 'npm_package_description':","                        return 'the greatest app in the world!';","                    case 'npm_package_name':","                        return 'my-app';","                    case 'npm_package_nameAlias':","                        return 'my_app';","                    case 'npm_package_version':","                        return '0.0.1';","                    }","                });","        }","        // run the cli","        if (local.global.utility2_rollup || module !== require.main) {","            break;","        }","        local.assetsDict['/assets.example.js'] =","            local.assetsDict['/assets.example.js'] ||","            local.fs.readFileSync(__filename, 'utf8');","        // bug-workaround - long $npm_package_buildCustomOrg","        /* jslint-ignore-begin */","        local.assetsDict['/assets.npmtest_superscript.rollup.js'] =","            local.assetsDict['/assets.npmtest_superscript.rollup.js'] ||","            local.fs.readFileSync(","                local.npmtest_superscript.__dirname + '/lib.npmtest_superscript.js',","                'utf8'","            ).replace((/^#!/), '//');","        /* jslint-ignore-end */","        local.assetsDict['/favicon.ico'] = local.assetsDict['/favicon.ico'] || '';","        // if $npm_config_timeout_exit exists,","        // then exit this process after $npm_config_timeout_exit ms","        if (Number(process.env.npm_config_timeout_exit)) {","            setTimeout(process.exit, Number(process.env.npm_config_timeout_exit));","        }","        // start server","        if (local.global.utility2_serverHttp1) {","            break;","        }","        process.env.PORT = process.env.PORT || '8081';","        console.error('server starting on port ' + process.env.PORT);","        local.http.createServer(function (request, response) {","            request.urlParsed = local.url.parse(request.url);","            if (local.assetsDict[request.urlParsed.pathname] !== undefined) {","                response.end(local.assetsDict[request.urlParsed.pathname]);","                return;","            }","            response.statusCode = 404;","            response.end();","        }).listen(process.env.PORT);","        break;","    }","}());",""],"l":{"26":2,"28":2,"33":2,"35":2,"37":2,"38":2,"39":2,"44":1,"51":2,"55":2,"59":2,"61":2,"69":1,"70":2,"76":2,"79":2,"82":2,"83":2,"85":1,"89":2,"92":1,"93":1,"94":1,"96":1,"97":1,"100":1,"101":1,"103":1,"106":1,"108":2,"114":1,"116":1,"118":1,"123":1,"124":2,"125":2,"126":3,"127":3,"128":3,"129":3,"130":1,"133":3,"134":3,"139":3,"143":1,"144":3,"145":1,"149":1,"150":1,"158":1,"160":1,"161":1,"162":1,"164":1,"166":1,"258":1,"259":1,"271":1,"274":6,"275":6,"277":1,"279":2,"281":1,"283":2,"288":1,"289":1,"291":1,"296":1,"303":1,"306":1,"307":1,"310":1,"311":1,"313":1,"314":1,"315":1,"316":1,"317":1,"318":1,"319":1,"321":1,"322":1,"324":1}},"/home/travis/build/npmtest/node-npmtest-superscript/node_modules/superscript/lib/bot/index.js":{"path":"/home/travis/build/npmtest/node-npmtest-superscript/node_modules/superscript/lib/bot/index.js","s":{"1":1,"2":1,"3":1,"4":1,"5":1,"6":1,"7":1,"8":1,"9":1,"10":1,"11":1,"12":1,"13":1,"14":1,"15":1,"16":1,"17":1,"18":1,"19":1,"20":1,"21":1,"22":1,"23":1,"24":1,"25":11,"26":1,"27":1,"28":1,"29":1,"30":1,"31":1,"32":1,"33":1,"34":1,"35":1,"36":1,"37":1,"38":1,"39":1,"40":0,"41":0,"42":0,"43":0,"44":0,"45":0,"46":0,"47":0,"48":0,"49":0,"50":0,"51":0,"52":0,"53":0,"54":0,"55":0,"56":0,"57":0,"58":0,"59":0,"60":0,"61":0,"62":0,"63":0,"64":0,"65":0,"66":0,"67":0,"68":0,"69":0,"70":0,"71":0,"72":0,"73":0,"74":0,"75":0,"76":0,"77":0,"78":0,"79":0,"80":1,"81":1,"82":1,"83":1,"84":1,"85":1,"86":1,"87":1,"88":1,"89":1,"90":1,"91":0,"92":2,"93":2,"94":1,"95":9,"96":8,"97":9,"98":51,"99":51,"100":1,"101":1,"102":1,"103":1,"104":1,"105":1,"106":1,"107":0,"108":1,"109":1,"110":1,"111":1,"112":1,"113":0,"114":1,"115":1,"116":1,"117":0,"118":0,"119":1},"b":{"1":[8,3],"2":[11,11],"3":[0,0],"4":[0,0],"5":[0,0],"6":[0,0],"7":[0,0],"8":[0,0],"9":[0,0],"10":[0,0],"11":[1,1],"12":[1,0],"13":[1,0],"14":[0,1],"15":[8,1],"16":[0,1],"17":[0,1],"18":[1,0]},"f":{"1":11,"2":1,"3":1,"4":0,"5":0,"6":0,"7":0,"8":0,"9":0,"10":0,"11":1,"12":2,"13":1,"14":1},"fnMap":{"1":{"name":"_interopRequireDefault","line":51,"loc":{"start":{"line":51,"column":0},"end":{"line":51,"column":37}}},"2":{"name":"(anonymous_2)","line":56,"loc":{"start":{"line":56,"column":13},"end":{"line":56,"column":134}}},"3":{"name":"(anonymous_3)","line":75,"loc":{"start":{"line":75,"column":12},"end":{"line":75,"column":33}}},"4":{"name":"(anonymous_4)","line":83,"loc":{"start":{"line":83,"column":10},"end":{"line":83,"column":21}}},"5":{"name":"(anonymous_5)","line":87,"loc":{"start":{"line":87,"column":9},"end":{"line":87,"column":28}}},"6":{"name":"(anonymous_6)","line":91,"loc":{"start":{"line":91,"column":18},"end":{"line":91,"column":37}}},"7":{"name":"(anonymous_7)","line":100,"loc":{"start":{"line":100,"column":7},"end":{"line":100,"column":53}}},"8":{"name":"(anonymous_8)","line":119,"loc":{"start":{"line":119,"column":13},"end":{"line":119,"column":58}}},"9":{"name":"(anonymous_9)","line":130,"loc":{"start":{"line":130,"column":9},"end":{"line":130,"column":35}}},"10":{"name":"(anonymous_10)","line":140,"loc":{"start":{"line":140,"column":8},"end":{"line":140,"column":43}}},"11":{"name":"(anonymous_11)","line":213,"loc":{"start":{"line":213,"column":13},"end":{"line":213,"column":55}}},"12":{"name":"(anonymous_12)","line":237,"loc":{"start":{"line":237,"column":13},"end":{"line":237,"column":20}}},"13":{"name":"(anonymous_13)","line":257,"loc":{"start":{"line":257,"column":8},"end":{"line":257,"column":19}}},"14":{"name":"setup","line":305,"loc":{"start":{"line":305,"column":14},"end":{"line":305,"column":53}}}},"statementMap":{"1":{"start":{"line":3,"column":0},"end":{"line":5,"column":3}},"2":{"start":{"line":7,"column":0},"end":{"line":7,"column":32}},"3":{"start":{"line":9,"column":0},"end":{"line":9,"column":47}},"4":{"start":{"line":11,"column":0},"end":{"line":11,"column":41}},"5":{"start":{"line":13,"column":0},"end":{"line":13,"column":55}},"6":{"start":{"line":15,"column":0},"end":{"line":15,"column":43}},"7":{"start":{"line":17,"column":0},"end":{"line":17,"column":57}},"8":{"start":{"line":19,"column":0},"end":{"line":19,"column":39}},"9":{"start":{"line":21,"column":0},"end":{"line":21,"column":53}},"10":{"start":{"line":23,"column":0},"end":{"line":23,"column":40}},"11":{"start":{"line":25,"column":0},"end":{"line":25,"column":47}},"12":{"start":{"line":27,"column":0},"end":{"line":27,"column":39}},"13":{"start":{"line":29,"column":0},"end":{"line":29,"column":49}},"14":{"start":{"line":31,"column":0},"end":{"line":31,"column":42}},"15":{"start":{"line":33,"column":0},"end":{"line":33,"column":55}},"16":{"start":{"line":35,"column":0},"end":{"line":35,"column":42}},"17":{"start":{"line":37,"column":0},"end":{"line":37,"column":55}},"18":{"start":{"line":39,"column":0},"end":{"line":39,"column":38}},"19":{"start":{"line":41,"column":0},"end":{"line":41,"column":51}},"20":{"start":{"line":43,"column":0},"end":{"line":43,"column":37}},"21":{"start":{"line":45,"column":0},"end":{"line":45,"column":47}},"22":{"start":{"line":47,"column":0},"end":{"line":47,"column":34}},"23":{"start":{"line":49,"column":0},"end":{"line":49,"column":47}},"24":{"start":{"line":51,"column":0},"end":{"line":51,"column":95}},"25":{"start":{"line":51,"column":39},"end":{"line":51,"column":93}},"26":{"start":{"line":53,"column":0},"end":{"line":53,"column":59}},"27":{"start":{"line":57,"column":4},"end":{"line":57,"column":61}},"28":{"start":{"line":58,"column":4},"end":{"line":58,"column":61}},"29":{"start":{"line":61,"column":4},"end":{"line":61,"column":59}},"30":{"start":{"line":63,"column":4},"end":{"line":63,"column":23}},"31":{"start":{"line":64,"column":4},"end":{"line":64,"column":26}},"32":{"start":{"line":65,"column":4},"end":{"line":65,"column":39}},"33":{"start":{"line":66,"column":4},"end":{"line":66,"column":44}},"34":{"start":{"line":67,"column":4},"end":{"line":67,"column":38}},"35":{"start":{"line":69,"column":4},"end":{"line":69,"column":27}},"36":{"start":{"line":70,"column":4},"end":{"line":70,"column":29}},"37":{"start":{"line":71,"column":4},"end":{"line":71,"column":51}},"38":{"start":{"line":72,"column":4},"end":{"line":72,"column":49}},"39":{"start":{"line":76,"column":4},"end":{"line":80,"column":7}},"40":{"start":{"line":77,"column":6},"end":{"line":77,"column":45}},"41":{"start":{"line":78,"column":6},"end":{"line":78,"column":58}},"42":{"start":{"line":79,"column":6},"end":{"line":79,"column":20}},"43":{"start":{"line":84,"column":4},"end":{"line":84,"column":50}},"44":{"start":{"line":88,"column":4},"end":{"line":88,"column":106}},"45":{"start":{"line":92,"column":4},"end":{"line":96,"column":64}},"46":{"start":{"line":102,"column":4},"end":{"line":107,"column":5}},"47":{"start":{"line":103,"column":6},"end":{"line":103,"column":31}},"48":{"start":{"line":104,"column":6},"end":{"line":104,"column":29}},"49":{"start":{"line":105,"column":6},"end":{"line":105,"column":55}},"50":{"start":{"line":106,"column":6},"end":{"line":106,"column":22}},"51":{"start":{"line":109,"column":4},"end":{"line":109,"column":66}},"52":{"start":{"line":110,"column":4},"end":{"line":113,"column":6}},"53":{"start":{"line":115,"column":4},"end":{"line":115,"column":50}},"54":{"start":{"line":120,"column":4},"end":{"line":120,"column":70}},"55":{"start":{"line":121,"column":4},"end":{"line":125,"column":6}},"56":{"start":{"line":127,"column":4},"end":{"line":127,"column":50}},"57":{"start":{"line":131,"column":4},"end":{"line":133,"column":6}},"58":{"start":{"line":135,"column":4},"end":{"line":137,"column":7}},"59":{"start":{"line":136,"column":6},"end":{"line":136,"column":29}},"60":{"start":{"line":141,"column":4},"end":{"line":153,"column":6}},"61":{"start":{"line":155,"column":4},"end":{"line":203,"column":7}},"62":{"start":{"line":156,"column":6},"end":{"line":158,"column":7}},"63":{"start":{"line":157,"column":8},"end":{"line":157,"column":25}},"64":{"start":{"line":160,"column":6},"end":{"line":162,"column":8}},"65":{"start":{"line":164,"column":6},"end":{"line":202,"column":9}},"66":{"start":{"line":165,"column":8},"end":{"line":201,"column":11}},"67":{"start":{"line":166,"column":10},"end":{"line":170,"column":12}},"68":{"start":{"line":172,"column":10},"end":{"line":174,"column":11}},"69":{"start":{"line":173,"column":12},"end":{"line":173,"column":48}},"70":{"start":{"line":176,"column":10},"end":{"line":200,"column":13}},"71":{"start":{"line":177,"column":12},"end":{"line":180,"column":13}},"72":{"start":{"line":178,"column":14},"end":{"line":178,"column":28}},"73":{"start":{"line":179,"column":14},"end":{"line":179,"column":60}},"74":{"start":{"line":182,"column":12},"end":{"line":199,"column":15}},"75":{"start":{"line":184,"column":14},"end":{"line":191,"column":16}},"76":{"start":{"line":193,"column":14},"end":{"line":193,"column":97}},"77":{"start":{"line":195,"column":14},"end":{"line":195,"column":87}},"78":{"start":{"line":196,"column":14},"end":{"line":196,"column":82}},"79":{"start":{"line":198,"column":14},"end":{"line":198,"column":52}},"80":{"start":{"line":214,"column":4},"end":{"line":214,"column":41}},"81":{"start":{"line":215,"column":4},"end":{"line":215,"column":41}},"82":{"start":{"line":216,"column":4},"end":{"line":216,"column":22}},"83":{"start":{"line":219,"column":4},"end":{"line":219,"column":46}},"84":{"start":{"line":220,"column":4},"end":{"line":220,"column":59}},"85":{"start":{"line":221,"column":4},"end":{"line":221,"column":57}},"86":{"start":{"line":222,"column":4},"end":{"line":222,"column":37}},"87":{"start":{"line":225,"column":4},"end":{"line":225,"column":48}},"88":{"start":{"line":228,"column":4},"end":{"line":230,"column":5}},"89":{"start":{"line":229,"column":6},"end":{"line":229,"column":44}},"90":{"start":{"line":232,"column":4},"end":{"line":234,"column":5}},"91":{"start":{"line":233,"column":6},"end":{"line":233,"column":66}},"92":{"start":{"line":238,"column":4},"end":{"line":254,"column":5}},"93":{"start":{"line":239,"column":6},"end":{"line":239,"column":58}},"94":{"start":{"line":241,"column":6},"end":{"line":251,"column":9}},"95":{"start":{"line":243,"column":8},"end":{"line":245,"column":9}},"96":{"start":{"line":244,"column":10},"end":{"line":244,"column":56}},"97":{"start":{"line":247,"column":8},"end":{"line":250,"column":11}},"98":{"start":{"line":248,"column":10},"end":{"line":248,"column":56}},"99":{"start":{"line":249,"column":10},"end":{"line":249,"column":55}},"100":{"start":{"line":253,"column":6},"end":{"line":253,"column":65}},"101":{"start":{"line":258,"column":4},"end":{"line":258,"column":171}},"102":{"start":{"line":262,"column":0},"end":{"line":277,"column":2}},"103":{"start":{"line":305,"column":0},"end":{"line":336,"column":2}},"104":{"start":{"line":306,"column":2},"end":{"line":306,"column":60}},"105":{"start":{"line":309,"column":2},"end":{"line":335,"column":5}},"106":{"start":{"line":310,"column":4},"end":{"line":312,"column":5}},"107":{"start":{"line":311,"column":6},"end":{"line":311,"column":27}},"108":{"start":{"line":314,"column":4},"end":{"line":314,"column":56}},"109":{"start":{"line":315,"column":4},"end":{"line":315,"column":57}},"110":{"start":{"line":316,"column":4},"end":{"line":316,"column":92}},"111":{"start":{"line":318,"column":4},"end":{"line":318,"column":86}},"112":{"start":{"line":326,"column":4},"end":{"line":328,"column":5}},"113":{"start":{"line":327,"column":6},"end":{"line":327,"column":38}},"114":{"start":{"line":330,"column":4},"end":{"line":330,"column":42}},"115":{"start":{"line":331,"column":4},"end":{"line":333,"column":5}},"116":{"start":{"line":332,"column":6},"end":{"line":332,"column":75}},"117":{"start":{"line":332,"column":55},"end":{"line":332,"column":73}},"118":{"start":{"line":334,"column":4},"end":{"line":334,"column":31}},"119":{"start":{"line":338,"column":0},"end":{"line":340,"column":2}}},"branchMap":{"1":{"line":51,"type":"cond-expr","locations":[{"start":{"line":51,"column":70},"end":{"line":51,"column":73}},{"start":{"line":51,"column":76},"end":{"line":51,"column":92}}]},"2":{"line":51,"type":"binary-expr","locations":[{"start":{"line":51,"column":46},"end":{"line":51,"column":49}},{"start":{"line":51,"column":53},"end":{"line":51,"column":67}}]},"3":{"line":102,"type":"if","locations":[{"start":{"line":102,"column":4},"end":{"line":102,"column":4}},{"start":{"line":102,"column":4},"end":{"line":102,"column":4}}]},"4":{"line":102,"type":"binary-expr","locations":[{"start":{"line":102,"column":8},"end":{"line":102,"column":30}},{"start":{"line":102,"column":34},"end":{"line":102,"column":69}}]},"5":{"line":143,"type":"binary-expr","locations":[{"start":{"line":143,"column":17},"end":{"line":143,"column":34}},{"start":{"line":143,"column":38},"end":{"line":143,"column":42}}]},"6":{"line":156,"type":"if","locations":[{"start":{"line":156,"column":6},"end":{"line":156,"column":6}},{"start":{"line":156,"column":6},"end":{"line":156,"column":6}}]},"7":{"line":172,"type":"if","locations":[{"start":{"line":172,"column":10},"end":{"line":172,"column":10}},{"start":{"line":172,"column":10},"end":{"line":172,"column":10}}]},"8":{"line":177,"type":"if","locations":[{"start":{"line":177,"column":12},"end":{"line":177,"column":12}},{"start":{"line":177,"column":12},"end":{"line":177,"column":12}}]},"9":{"line":187,"type":"binary-expr","locations":[{"start":{"line":187,"column":24},"end":{"line":187,"column":39}},{"start":{"line":187,"column":43},"end":{"line":187,"column":45}}]},"10":{"line":193,"type":"binary-expr","locations":[{"start":{"line":193,"column":75},"end":{"line":193,"column":89}},{"start":{"line":193,"column":93},"end":{"line":193,"column":95}}]},"11":{"line":219,"type":"binary-expr","locations":[{"start":{"line":219,"column":20},"end":{"line":219,"column":36}},{"start":{"line":219,"column":40},"end":{"line":219,"column":45}}]},"12":{"line":222,"type":"binary-expr","locations":[{"start":{"line":222,"column":17},"end":{"line":222,"column":30}},{"start":{"line":222,"column":34},"end":{"line":222,"column":36}}]},"13":{"line":228,"type":"if","locations":[{"start":{"line":228,"column":4},"end":{"line":228,"column":4}},{"start":{"line":228,"column":4},"end":{"line":228,"column":4}}]},"14":{"line":232,"type":"if","locations":[{"start":{"line":232,"column":4},"end":{"line":232,"column":4}},{"start":{"line":232,"column":4},"end":{"line":232,"column":4}}]},"15":{"line":243,"type":"if","locations":[{"start":{"line":243,"column":8},"end":{"line":243,"column":8}},{"start":{"line":243,"column":8},"end":{"line":243,"column":8}}]},"16":{"line":310,"type":"if","locations":[{"start":{"line":310,"column":4},"end":{"line":310,"column":4}},{"start":{"line":310,"column":4},"end":{"line":310,"column":4}}]},"17":{"line":326,"type":"if","locations":[{"start":{"line":326,"column":4},"end":{"line":326,"column":4}},{"start":{"line":326,"column":4},"end":{"line":326,"column":4}}]},"18":{"line":331,"type":"if","locations":[{"start":{"line":331,"column":4},"end":{"line":331,"column":4}},{"start":{"line":331,"column":4},"end":{"line":331,"column":4}}]}},"code":["'use strict';","","Object.defineProperty(exports, \"__esModule\", {","  value: true","});","","var _lodash = require('lodash');","","var _lodash2 = _interopRequireDefault(_lodash);","","var _requireDir = require('require-dir');","","var _requireDir2 = _interopRequireDefault(_requireDir);","","var _debugLevels = require('debug-levels');","","var _debugLevels2 = _interopRequireDefault(_debugLevels);","","var _ssMessage = require('ss-message');","","var _ssMessage2 = _interopRequireDefault(_ssMessage);","","var _common = require('./reply/common');","","var _common2 = _interopRequireDefault(_common);","","var _connect = require('./db/connect');","","var _connect2 = _interopRequireDefault(_connect);","","var _factSystem = require('./factSystem');","","var _factSystem2 = _interopRequireDefault(_factSystem);","","var _chatSystem = require('./chatSystem');","","var _chatSystem2 = _interopRequireDefault(_chatSystem);","","var _getReply = require('./getReply');","","var _getReply2 = _interopRequireDefault(_getReply);","","var _import = require('./db/import');","","var _import2 = _interopRequireDefault(_import);","","var _logger = require('./logger');","","var _logger2 = _interopRequireDefault(_logger);","","function _interopRequireDefault(obj) { return obj && obj.__esModule ? obj : { default: obj }; }","","const debug = (0, _debugLevels2.default)('SS:SuperScript');","","class SuperScript {","  constructor(coreChatSystem, coreFactSystem, plugins, scope, editMode, conversationTimeout, historyCheckpoints, tenantId = 'master') {","    this.chatSystem = coreChatSystem.getChatSystem(tenantId);","    this.factSystem = coreFactSystem.getFactSystem(tenantId);","","    // We want a place to store bot related data","    this.memory = this.factSystem.createUserDB('botfacts');","","    this.scope = scope;","    this.scope.bot = this;","    this.scope.facts = this.factSystem;","    this.scope.chatSystem = this.chatSystem;","    this.scope.botfacts = this.memory;","","    this.plugins = plugins;","    this.editMode = editMode;","    this.conversationTimeout = conversationTimeout;","    this.historyCheckpoints = historyCheckpoints;","  }","","  importFile(filePath, callback) {","    _import2.default.importFile(this.chatSystem, filePath, err => {","      console.log('Bot is ready for input!');","      debug.verbose('System loaded, waiting for replies');","      callback(err);","    });","  }","","  getUsers(callback) {","    this.chatSystem.User.find({}, 'id', callback);","  }","","  getUser(userId, callback) {","    this.chatSystem.User.findOne({ id: userId }).slice('history', this.historyCheckpoints).exec(callback);","  }","","  findOrCreateUser(userId, callback) {","    this.chatSystem.User.findOneAndUpdate({ id: userId }, {}, {","      upsert: true,","      setDefaultsOnInsert: true,","      new: true","    }).slice('history', this.historyCheckpoints).exec(callback);","  }","","  // Converts msg into a message object, then checks for a match","  reply(userId, messageString, callback, extraScope) {","    // TODO: Check if random assignment of existing user ID causes problems","    if (arguments.length === 2 && typeof messageString === 'function') {","      callback = messageString;","      messageString = userId;","      userId = Math.random().toString(36).substr(2, 5);","      extraScope = {};","    }","","    debug.log(\"[ New Message - '%s']- %s\", userId, messageString);","    const options = {","      userId,","      extraScope","    };","","    this._reply(messageString, options, callback);","  }","","  // This is like doing a topicRedirect","  directReply(userId, topicName, messageString, callback) {","    debug.log(\"[ New DirectReply - '%s']- %s\", userId, messageString);","    const options = {","      userId,","      topicName,","      extraScope: {}","    };","","    this._reply(messageString, options, callback);","  }","","  message(messageString, callback) {","    const options = {","      factSystem: this.factSystem","    };","","    _ssMessage2.default.createMessage(messageString, options, (err, msgObj) => {","      callback(null, msgObj);","    });","  }","","  _reply(messageString, options, callback) {","    const system = {","      // Pass in the topic if it has been set","      topicName: options.topicName || null,","      plugins: this.plugins,","      scope: this.scope,","      extraScope: options.extraScope,","      chatSystem: this.chatSystem,","      factSystem: this.factSystem,","      editMode: this.editMode,","      conversationTimeout: this.conversationTimeout,","      defaultKeepScheme: 'exhaust',","      defaultOrderScheme: 'random'","    };","","    this.findOrCreateUser(options.userId, (err, user) => {","      if (err) {","        debug.error(err);","      }","","      const messageOptions = {","        factSystem: this.factSystem","      };","","      _ssMessage2.default.createMessage(messageString, messageOptions, (err, messageObject) => {","        _common2.default.getTopic(system.chatSystem, system.topicName).then(topicData => {","          const options = {","            user,","            system,","            depth: 0","          };","","          if (topicData) {","            options.pendingTopics = [topicData];","          }","","          (0, _getReply2.default)(messageObject, options, (err, replyObj) => {","            if (!replyObj) {","              replyObj = {};","              console.log('There was no response matched.');","            }","","            user.updateHistory(messageObject, replyObj, (err, log) => {","              // We send back a smaller message object to the clients.","              const clientObject = {","                replyId: replyObj.replyId,","                createdAt: Date.now(),","                string: replyObj.string || '',","                topicName: replyObj.topicName,","                subReplies: replyObj.subReplies,","                debug: log","              };","","              const newClientObject = _lodash2.default.merge(clientObject, replyObj.props || {});","","              debug.verbose(\"Update and Reply to user '%s'\", user.id, replyObj.string);","              debug.info(\"[ Final Reply - '%s']- '%s'\", user.id, replyObj.string);","","              return callback(err, newClientObject);","            });","          });","        });","      });","    });","  }","}","","/**"," *  This a class which has global settings for all bots on a certain database server,"," *  so we can reuse parts of the chat and fact systems and share plugins, whilst still"," *  being able to have multiple bots on different databases per server."," */","class SuperScriptInstance {","  constructor(coreChatSystem, coreFactSystem, options) {","    this.coreChatSystem = coreChatSystem;","    this.coreFactSystem = coreFactSystem;","    this.plugins = [];","","    // This is a kill switch for filterBySeen which is useless in the editor.","    this.editMode = options.editMode || false;","    this.conversationTimeout = options.conversationTimeout;","    this.historyCheckpoints = options.historyCheckpoints;","    this.scope = options.scope || {};","","    // Built-in plugins","    this.loadPlugins(`${__dirname}/../plugins`);","","    // For user plugins","    if (options.pluginsPath) {","      this.loadPlugins(options.pluginsPath);","    }","","    if (options.messagePluginsPath) {","      _ssMessage2.default.loadPlugins(options.messagePluginsPath);","    }","  }","","  loadPlugins(path) {","    try {","      const pluginFiles = (0, _requireDir2.default)(path);","","      Object.keys(pluginFiles).forEach(file => {","        // For transpiled ES6 plugins with default export","        if (pluginFiles[file].default) {","          pluginFiles[file] = pluginFiles[file].default;","        }","","        Object.keys(pluginFiles[file]).forEach(func => {","          debug.verbose('Loading plugin: ', path, func);","          this.plugins[func] = pluginFiles[file][func];","        });","      });","    } catch (e) {","      console.error(`Could not load plugins from ${path}: ${e}`);","    }","  }","","  getBot(tenantId) {","    return new SuperScript(this.coreChatSystem, this.coreFactSystem, this.plugins, this.scope, this.editMode, this.conversationTimeout, this.historyCheckpoints, tenantId);","  }","}","","const defaultOptions = {","  mongoURI: 'mongodb://localhost/superscriptDB',","  importFile: null,","  factSystem: {","    clean: false,","    importFiles: null","  },","  scope: {},","  editMode: false,","  pluginsPath: `${process.cwd()}/plugins`,","  messagePluginsPath: null,","  logPath: `${process.cwd()}/logs`,","  useMultitenancy: false,","  conversationTimeout: 1000 * 300,","  historyCheckpoints: 10","};","","/**"," * Setup SuperScript. You may only run this a single time since it writes to global state."," * @param {Object} options - Any configuration settings you want to use."," * @param {String} options.mongoURI - The database URL you want to connect to."," *                 This will be used for both the chat and fact system."," * @param {String} options.importFile - Use this if you want to re-import your parsed"," *                 '*.json' file. Otherwise SuperScript will use whatever it currently"," *                 finds in the database."," * @param {Object} options.factSystem - Settings to use for the fact system."," * @param {Boolean} options.factSystem.clean - If you want to remove everything in the"," *                  fact system upon launch. Otherwise SuperScript will keep facts from"," *                  the last time it was run."," * @param {Array} options.factSystem.importFiles - Any additional data you want to"," *                import into the fact system."," * @param {Object} options.scope - Any extra scope you want to pass into your plugins."," * @param {Boolean} options.editMode - Used in the editor."," * @param {String} options.pluginsPath - A path to the plugins written by you. This loads"," *                 the entire directory recursively."," * @param {String} options.logPath - If null, logging will be off. Otherwise writes"," *                 conversation transcripts to the path."," * @param {Boolean} options.useMultitenancy - If true, will return a bot instance instead"," *                  of a bot, so you can get different tenancies of a single server. Otherwise,"," *                  returns a default bot in the 'master' tenancy."," * @param {Number} options.conversationTimeout - The time to wait before a conversation expires,"," *                 so you start matching from the top-level triggers."," */","const setup = function setup(options = {}, callback) {","  options = _lodash2.default.merge(defaultOptions, options);","","  // Uses schemas to create models for the db connection to use","  _factSystem2.default.setupFactSystem(options.mongoURI, options.factSystem, (err, coreFactSystem) => {","    if (err) {","      return callback(err);","    }","","    const db = (0, _connect2.default)(options.mongoURI);","    const logger = new _logger2.default(options.logPath);","    const coreChatSystem = _chatSystem2.default.setupChatSystem(db, coreFactSystem, logger);","","    const instance = new SuperScriptInstance(coreChatSystem, coreFactSystem, options);","","    /**","     *  When you want to use multitenancy, don't return a bot, but instead an instance that can","     *  get bots in different tenancies. Then you can just do:","     *","     *  instance.getBot('myBot');","     */","    if (options.useMultitenancy) {","      return callback(null, instance);","    }","","    const bot = instance.getBot('master');","    if (options.importFile) {","      return bot.importFile(options.importFile, err => callback(err, bot));","    }","    return callback(null, bot);","  });","};","","exports.default = {","  setup","};"],"l":{"3":1,"7":1,"9":1,"11":1,"13":1,"15":1,"17":1,"19":1,"21":1,"23":1,"25":1,"27":1,"29":1,"31":1,"33":1,"35":1,"37":1,"39":1,"41":1,"43":1,"45":1,"47":1,"49":1,"51":11,"53":1,"57":1,"58":1,"61":1,"63":1,"64":1,"65":1,"66":1,"67":1,"69":1,"70":1,"71":1,"72":1,"76":1,"77":0,"78":0,"79":0,"84":0,"88":0,"92":0,"102":0,"103":0,"104":0,"105":0,"106":0,"109":0,"110":0,"115":0,"120":0,"121":0,"127":0,"131":0,"135":0,"136":0,"141":0,"155":0,"156":0,"157":0,"160":0,"164":0,"165":0,"166":0,"172":0,"173":0,"176":0,"177":0,"178":0,"179":0,"182":0,"184":0,"193":0,"195":0,"196":0,"198":0,"214":1,"215":1,"216":1,"219":1,"220":1,"221":1,"222":1,"225":1,"228":1,"229":1,"232":1,"233":0,"238":2,"239":2,"241":1,"243":9,"244":8,"247":9,"248":51,"249":51,"253":1,"258":1,"262":1,"305":1,"306":1,"309":1,"310":1,"311":0,"314":1,"315":1,"316":1,"318":1,"326":1,"327":0,"330":1,"331":1,"332":1,"334":0,"338":1}},"/home/travis/build/npmtest/node-npmtest-superscript/node_modules/superscript/lib/bot/reply/common.js":{"path":"/home/travis/build/npmtest/node-npmtest-superscript/node_modules/superscript/lib/bot/reply/common.js","s":{"1":1,"2":1,"3":1,"4":1,"5":1,"6":1,"7":1,"8":0,"9":0,"10":1,"11":0,"12":0,"13":0,"14":0,"15":0,"16":0,"17":0,"18":0,"19":0,"20":0,"21":0,"22":1,"23":1,"24":1,"25":0,"26":0,"27":0,"28":0,"29":0,"30":0,"31":0,"32":1,"33":0,"34":1,"35":1},"b":{"1":[0,1],"2":[1,1],"3":[0,0],"4":[0,0],"5":[0,0]},"f":{"1":1,"2":1,"3":0,"4":0,"5":0,"6":0,"7":0,"8":0,"9":0},"fnMap":{"1":{"name":"_interopRequireDefault","line":11,"loc":{"start":{"line":11,"column":0},"end":{"line":11,"column":37}}},"2":{"name":"_asyncToGenerator","line":13,"loc":{"start":{"line":13,"column":0},"end":{"line":13,"column":31}}},"3":{"name":"(anonymous_3)","line":13,"loc":{"start":{"line":13,"column":40},"end":{"line":13,"column":52}}},"4":{"name":"(anonymous_4)","line":13,"loc":{"start":{"line":13,"column":110},"end":{"line":13,"column":137}}},"5":{"name":"step","line":13,"loc":{"start":{"line":13,"column":139},"end":{"line":13,"column":163}}},"6":{"name":"(anonymous_6)","line":13,"loc":{"start":{"line":13,"column":341},"end":{"line":13,"column":358}}},"7":{"name":"(anonymous_7)","line":13,"loc":{"start":{"line":13,"column":384},"end":{"line":13,"column":399}}},"8":{"name":"(anonymous_8)","line":18,"loc":{"start":{"line":18,"column":31},"end":{"line":18,"column":60}}},"9":{"name":"getTopic","line":34,"loc":{"start":{"line":34,"column":2},"end":{"line":34,"column":29}}}},"statementMap":{"1":{"start":{"line":3,"column":0},"end":{"line":5,"column":3}},"2":{"start":{"line":7,"column":0},"end":{"line":7,"column":43}},"3":{"start":{"line":9,"column":0},"end":{"line":9,"column":57}},"4":{"start":{"line":11,"column":0},"end":{"line":11,"column":95}},"5":{"start":{"line":11,"column":39},"end":{"line":11,"column":93}},"6":{"start":{"line":13,"column":0},"end":{"line":13,"column":458}},"7":{"start":{"line":13,"column":33},"end":{"line":13,"column":456}},"8":{"start":{"line":13,"column":54},"end":{"line":13,"column":90}},"9":{"start":{"line":13,"column":91},"end":{"line":13,"column":453}},"10":{"start":{"line":13,"column":139},"end":{"line":13,"column":428}},"11":{"start":{"line":13,"column":165},"end":{"line":13,"column":263}},"12":{"start":{"line":13,"column":171},"end":{"line":13,"column":196}},"13":{"start":{"line":13,"column":197},"end":{"line":13,"column":220}},"14":{"start":{"line":13,"column":239},"end":{"line":13,"column":253}},"15":{"start":{"line":13,"column":254},"end":{"line":13,"column":261}},"16":{"start":{"line":13,"column":264},"end":{"line":13,"column":426}},"17":{"start":{"line":13,"column":281},"end":{"line":13,"column":296}},"18":{"start":{"line":13,"column":306},"end":{"line":13,"column":424}
[...]
,"13":1,"15":2,"17":1,"19":1,"20":0,"21":0,"23":0,"24":0,"25":0,"26":0,"27":0,"31":0,"32":0,"33":0,"34":0,"35":0,"39":0,"40":0,"46":1,"47":0,"48":0,"50":0,"51":0,"52":0,"53":0,"55":0,"60":1,"61":0,"62":0,"64":0,"66":0,"67":0,"68":0,"70":0,"76":1,"77":0,"78":0,"79":0,"80":0,"81":0,"83":0,"84":0,"85":0,"87":0,"94":1,"95":0,"97":0,"98":0,"100":0,"101":0,"102":0,"103":0,"104":0,"108":0,"109":0,"115":1,"116":0,"117":0,"118":0,"119":0,"120":0,"121":0,"123":0,"129":1,"130":0,"131":0,"133":0,"137":1}},"/home/travis/build/npmtest/node-npmtest-superscript/node_modules/superscript/lib/plugins/wordnet.js":{"path":"/home/travis/build/npmtest/node-npmtest-superscript/node_modules/superscript/lib/plugins/wordnet.js","s":{"1":1,"2":1,"3":1,"4":1,"5":1,"6":1,"7":0,"8":0,"9":0,"10":0,"11":0,"12":0,"13":0,"14":0,"15":1},"b":{"1":[1,0],"2":[1,1],"3":[0,0]},"f":{"1":1,"2":0},"fnMap":{"1":{"name":"_interopRequireDefault","line":11,"loc":{"start":{"line":11,"column":0},"end":{"line":11,"column":37}}},"2":{"name":"wordnetDefine","line":13,"loc":{"start":{"line":13,"column":22},"end":{"line":13,"column":49}}}},"statementMap":{"1":{"start":{"line":3,"column":0},"end":{"line":5,"column":3}},"2":{"start":{"line":7,"column":0},"end":{"line":7,"column":47}},"3":{"start":{"line":9,"column":0},"end":{"line":9,"column":49}},"4":{"start":{"line":11,"column":0},"end":{"line":11,"column":95}},"5":{"start":{"line":11,"column":39},"end":{"line":11,"column":93}},"6":{"start":{"line":13,"column":0},"end":{"line":28,"column":2}},"7":{"start":{"line":14,"column":2},"end":{"line":14,"column":53}},"8":{"start":{"line":15,"column":2},"end":{"line":15,"column":11}},"9":{"start":{"line":17,"column":2},"end":{"line":21,"column":3}},"10":{"start":{"line":18,"column":4},"end":{"line":18,"column":19}},"11":{"start":{"line":20,"column":4},"end":{"line":20,"column":36}},"12":{"start":{"line":23,"column":2},"end":{"line":27,"column":5}},"13":{"start":{"line":24,"column":4},"end":{"line":24,"column":55}},"14":{"start":{"line":26,"column":4},"end":{"line":26,"column":61}},"15":{"start":{"line":30,"column":0},"end":{"line":30,"column":36}}},"branchMap":{"1":{"line":11,"type":"cond-expr","locations":[{"start":{"line":11,"column":70},"end":{"line":11,"column":73}},{"start":{"line":11,"column":76},"end":{"line":11,"column":92}}]},"2":{"line":11,"type":"binary-expr","locations":[{"start":{"line":11,"column":46},"end":{"line":11,"column":49}},{"start":{"line":11,"column":53},"end":{"line":11,"column":67}}]},"3":{"line":17,"type":"if","locations":[{"start":{"line":17,"column":2},"end":{"line":17,"column":2}},{"start":{"line":17,"column":2},"end":{"line":17,"column":2}}]}},"code":["'use strict';","","Object.defineProperty(exports, \"__esModule\", {","  value: true","});","","var _wordnet = require('../bot/reply/wordnet');","","var _wordnet2 = _interopRequireDefault(_wordnet);","","function _interopRequireDefault(obj) { return obj && obj.__esModule ? obj : { default: obj }; }","","const wordnetDefine = function wordnetDefine(cb) {","  const args = Array.prototype.slice.call(arguments);","  let word;","","  if (args.length === 2) {","    word = args[0];","  } else {","    word = this.message.words.pop();","  }","","  _wordnet2.default.define(word).then(result => {","    cb(null, `The Definition of ${word} is ${result}`);","  }).catch(() => {","    cb(null, `There is no definition for the word ${word}!`);","  });","};","","exports.default = { wordnetDefine };"],"l":{"3":1,"7":1,"9":1,"11":1,"13":1,"14":0,"15":0,"17":0,"18":0,"20":0,"23":0,"24":0,"26":0,"30":1}},"/home/travis/build/npmtest/node-npmtest-superscript/node_modules/superscript/lib/plugins/words.js":{"path":"/home/travis/build/npmtest/node-npmtest-superscript/node_modules/superscript/lib/plugins/words.js","s":{"1":1,"2":1,"3":1,"4":1,"5":1,"6":1,"7":1,"8":1,"9":3,"10":1,"11":1,"12":0,"13":0,"14":0,"15":0,"16":0,"17":0,"18":1,"19":0,"20":0,"21":0,"22":0,"23":1,"24":0,"25":0,"26":0,"27":1},"b":{"1":[1,2],"2":[3,3],"3":[0,0],"4":[0,0]},"f":{"1":3,"2":0,"3":0,"4":0},"fnMap":{"1":{"name":"_interopRequireDefault","line":19,"loc":{"start":{"line":19,"column":0},"end":{"line":19,"column":37}}},"2":{"name":"plural","line":23,"loc":{"start":{"line":23,"column":15},"end":{"line":23,"column":41}}},"3":{"name":"not","line":37,"loc":{"start":{"line":37,"column":12},"end":{"line":37,"column":35}}},"4":{"name":"lowercase","line":44,"loc":{"start":{"line":44,"column":18},"end":{"line":44,"column":47}}}},"statementMap":{"1":{"start":{"line":3,"column":0},"end":{"line":5,"column":3}},"2":{"start":{"line":7,"column":0},"end":{"line":7,"column":38}},"3":{"start":{"line":9,"column":0},"end":{"line":9,"column":53}},"4":{"start":{"line":11,"column":0},"end":{"line":11,"column":30}},"5":{"start":{"line":13,"column":0},"end":{"line":13,"column":45}},"6":{"start":{"line":15,"column":0},"end":{"line":15,"column":37}},"7":{"start":{"line":17,"column":0},"end":{"line":17,"column":45}},"8":{"start":{"line":19,"column":0},"end":{"line":19,"column":95}},"9":{"start":{"line":19,"column":39},"end":{"line":19,"column":93}},"10":{"start":{"line":21,"column":0},"end":{"line":21,"column":50}},"11":{"start":{"line":23,"column":0},"end":{"line":35,"column":2}},"12":{"start":{"line":25,"column":2},"end":{"line":25,"column":12}},"13":{"start":{"line":26,"column":2},"end":{"line":26,"column":32}},"14":{"start":{"line":28,"column":2},"end":{"line":32,"column":3}},"15":{"start":{"line":29,"column":4},"end":{"line":29,"column":66}},"16":{"start":{"line":31,"column":4},"end":{"line":31,"column":45}},"17":{"start":{"line":34,"column":2},"end":{"line":34,"column":18}},"18":{"start":{"line":37,"column":0},"end":{"line":42,"column":2}},"19":{"start":{"line":38,"column":2},"end":{"line":38,"column":32}},"20":{"start":{"line":39,"column":2},"end":{"line":39,"column":69}},"21":{"start":{"line":40,"column":2},"end":{"line":40,"column":24}},"22":{"start":{"line":41,"column":2},"end":{"line":41,"column":30}},"23":{"start":{"line":44,"column":0},"end":{"line":50,"column":2}},"24":{"start":{"line":45,"column":2},"end":{"line":49,"column":3}},"25":{"start":{"line":46,"column":4},"end":{"line":46,"column":33}},"26":{"start":{"line":48,"column":4},"end":{"line":48,"column":17}},"27":{"start":{"line":52,"column":0},"end":{"line":56,"column":2}}},"branchMap":{"1":{"line":19,"type":"cond-expr","locations":[{"start":{"line":19,"column":70},"end":{"line":19,"column":73}},{"start":{"line":19,"column":76},"end":{"line":19,"column":92}}]},"2":{"line":19,"type":"binary-expr","locations":[{"start":{"line":19,"column":46},"end":{"line":19,"column":49}},{"start":{"line":19,"column":53},"end":{"line":19,"column":67}}]},"3":{"line":28,"type":"if","locations":[{"start":{"line":28,"column":2},"end":{"line":28,"column":2}},{"start":{"line":28,"column":2},"end":{"line":28,"column":2}}]},"4":{"line":45,"type":"if","locations":[{"start":{"line":45,"column":2},"end":{"line":45,"column":2}},{"start":{"line":45,"column":2},"end":{"line":45,"column":2}}]}},"code":["'use strict';","","Object.defineProperty(exports, \"__esModule\", {","  value: true","});","","var _pluralize = require('pluralize');","","var _pluralize2 = _interopRequireDefault(_pluralize);","","var _debug = require('debug');","","var _debug2 = _interopRequireDefault(_debug);","","var _utils = require('../bot/utils');","","var _utils2 = _interopRequireDefault(_utils);","","function _interopRequireDefault(obj) { return obj && obj.__esModule ? obj : { default: obj }; }","","const debug = (0, _debug2.default)('Word Plugin');","","const plural = function plural(word, cb) {","  // Sometimes WordNet will give us more then one word","  let reply;","  const parts = word.split(' ');","","  if (parts.length === 2) {","    reply = `${_pluralize2.default.plural(parts[0])} ${parts[1]}`;","  } else {","    reply = _pluralize2.default.plural(word);","  }","","  cb(null, reply);","};","","const not = function not(word, cb) {","  const words = word.split('|');","  const results = _utils2.default.inArray(this.message.words, words);","  debug('RES', results);","  cb(null, results === false);","};","","const lowercase = function lowercase(word, cb) {","  if (word) {","    cb(null, word.toLowerCase());","  } else {","    cb(null, '');","  }","};","","exports.default = {","  lowercase,","  not,","  plural","};"],"l":{"3":1,"7":1,"9":1,"11":1,"13":1,"15":1,"17":1,"19":3,"21":1,"23":1,"25":0,"26":0,"28":0,"29":0,"31":0,"34":0,"37":1,"38":0,"39":0,"40":0,"41":0,"44":1,"45":0,"46":0,"48":0,"52":1}},"/home/travis/build/npmtest/node-npmtest-superscript/node_modules/superscript/lib/plugins/test.js":{"path":"/home/travis/build/npmtest/node-npmtest-superscript/node_modules/superscript/lib/plugins/test.js","s":{"1":1,"2":1,"3":1,"4":1,"5":1,"6":1,"7":0,"8":1,"9":0,"10":1,"11":0,"12":1,"13":0,"14":0,"15":1,"16":0,"17":1,"18":0,"19":0,"20":1,"21":0,"22":1,"23":0,"24":1,"25":0,"26":0,"27":1,"28":0,"29":1,"30":0,"31":1,"32":0,"33":1,"34":0,"35":0,"36":0,"37":0,"38":1,"39":0,"40":0,"41":0,"42":0,"43":0,"44":1,"45":0,"46":0,"47":0,"48":0,"49":1,"50":0,"51":0,"52":0,"53":1,"54":0,"55":1,"56":0,"57":0,"58":0,"59":1},"b":{"1":[0,1],"2":[1,1],"3":[0,0],"4":[0,0],"5":[0,0]},"f":{"1":1,"2":0,"3":0,"4":0,"5":0,"6":0,"7":0,"8":0,"9":0,"10":0,"11":0,"12":0,"13":0,"14":0,"15":0,"16":0,"17":0,"18":0,"19":0},"fnMap":{"1":{"name":"_interopRequireDefault","line":11,"loc":{"start":{"line":11,"column":0},"end":{"line":11,"column":37}}},"2":{"name":"bail","line":15,"loc":{"start":{"line":15,"column":13},"end":{"line":15,"column":31}}},"3":{"name":"one","line":19,"loc":{"start":{"line":19,"column":12},"end":{"line":19,"column":29}}},"4":{"name":"num","line":23,"loc":{"start":{"line":23,"column":12},"end":{"line":23,"column":32}}},"5":{"name":"changetopic","line":27,"loc":{"start":{"line":27,"column":20},"end":{"line":27,"column":48}}},"6":{"name":"changefunctionreply","line":31,"loc":{"start":{"line":31,"column":28},"end":{"line":31,"column":71}}},"7":{"name":"doSomething","line":35,"loc":{"start":{"line":35,"column":20},"end":{"line":35,"column":45}}},"8":{"name":"breakFunc","line":40,"loc":{"start":{"line":40,"column":18},"end":{"line":40,"column":41}}},"9":{"name":"nobreak","line":44,"loc":{"start":{"line":44,"column":16},"end":{"line":44,"column":37}}},"10":{"name":"objparam1","line":48,"loc":{"start":{"line":48,"column":18},"end":{"line":48,"column":41}}},"11":{"name":"objparam2","line":58,"loc":{"start":{"line":58,"column":18},"end":{"line":58,"column":41}}},"12":{"name":"showScope","line":62,"loc":{"start":{"line":62,"column":18},"end":{"line":62,"column":41}}},"13":{"name":"word","line":66,"loc":{"start":{"line":66,"column":13},"end":{"line":66,"column":45}}},"14":{"name":"hasFirstName","line":70,"loc":{"start":{"line":70,"column":21},"end":{"line":70,"column":53}}},"15":{"name":"getUserId","line":80,"loc":{"start":{"line":80,"column":18},"end":{"line":80,"column":41}}},"16":{"name":"hasName","line":90,"loc":{"start":{"line":90,"column":16},"end":{"line":90,"column":43}}},"17":{"name":"testCustomArgs","line":101,"loc":{"start":{"line":101,"column":23},"end":{"line":101,"column":65}}},"18":{"name":"testMoreTags","line":107,"loc":{"start":{"line":107,"column":21},"end":{"line":107,"column":63}}},"19":{"name":"filterTopic","line":113,"loc":{"start":{"line":113,"column":20},"end":{"line":113,"column":45}}}},"statementMap":{"1":{"start":{"line":3,"column":0},"end":{"line":5,"column":3}},"2":{"start":{"line":7,"column":0},"end":{"line":7,"column":32}},"3":{"start":{"line":9,"column":0},"end":{"line":9,"column":47}},"4":{"start":{"line":11,"column":0},"end":{"line":11,"column":95}},"5":{"start":{"line":11,"column":39},"end":{"line":11,"column":93}},"6":{"start":{"line":15,"column":0},"end":{"line":17,"column":2}},"7":{"start":{"line":16,"column":2},"end":{"line":16,"column":17}},"8":{"start":{"line":19,"column":0},"end":{"line":21,"column":2}},"9":{"start":{"line":20,"column":2},"end":{"line":20,"column":18}},"10":{"start":{"line":23,"column":0},"end":{"line":25,"column":2}},"11":{"start":{"line":24,"column":2},"end":{"line":24,"column":14}},"12":{"start":{"line":27,"column":0},"end":{"line":29,"column":2}},"13":{"start":{"line":28,"column":2},"end":{"line":28,"column":49}},"14":{"start":{"line":28,"column":35},"end":{"line":28,"column":47}},"15":{"start":{"line":31,"column":0},"end":{"line":33,"column":2}},"16":{"start":{"line":32,"column":2},"end":{"line":32,"column":34}},"17":{"start":{"line":35,"column":0},"end":{"line":38,"column":2}},"18":{"start":{"line":36,"column":2},"end":{"line":36,"column":52}},"19":{"start":{"line":37,"column":2},"end":{"line":37,"column":23}},"20":{"start":{"line":40,"column":0},"end":{"line":42,"column":2}},"21":{"start":{"line":41,"column":2},"end":{"line":41,"column":21}},"22":{"start":{"line":44,"column":0},"end":{"line":46,"column":2}},"23":{"start":{"line":45,"column":2},"end":{"line":45,"column":22}},"24":{"start":{"line":48,"column":0},"end":{"line":56,"column":2}},"25":{"start":{"line":49,"column":2},"end":{"line":54,"column":4}},"26":{"start":{"line":55,"column":2},"end":{"line":55,"column":17}},"27":{"start":{"line":58,"column":0},"end":{"line":60,"column":2}},"28":{"start":{"line":59,"column":2},"end":{"line":59,"column":45}},"29":{"start":{"line":62,"column":0},"end":{"line":64,"column":2}},"30":{"start":{"line":63,"column":2},"end":{"line":63,"column":75}},"31":{"start":{"line":66,"column":0},"end":{"line":68,"column":2}},"32":{"start":{"line":67,"column":2},"end":{"line":67,"column":28}},"33":{"start":{"line":70,"column":0},"end":{"line":78,"column":2}},"34":{"start":{"line":71,"column":2},"end":{"line":77,"column":5}},"35":{"start":{"line":72,"column":4},"end":{"line":76,"column":5}},"36":{"start":{"line":73,"column":6},"end":{"line":73,"column":32}},"37":{"start":{"line":75,"column":6},"end":{"line":75,"column":33}},"38":{"start":{"line":80,"column":0},"end":{"line":88,"column":2}},"39":{"start":{"line":81,"column":2},"end":{"line":81,"column":30}},"40":{"start":{"line":82,"column":2},"end":{"line":82,"column":20}},"41":{"start":{"line":84,"column":2},"end":{"line":87,"column":5}},"42":{"start":{"line":85,"column":4},"end":{"line":85,"column":72}},"43":{"start":{"line":86,"column":4},"end":{"line":86,"column":27}},"44":{"start":{"line":90,"column":0},"end":{"line":99,"column":2}},"45":{"start":{"line":91,"column":2},"end":{"line":98,"column":5}},"46":{"start":{"line":92,"column":4},"end":{"line":97,"column":5}},"47":{"start":{"line":93,"column":6},"end":{"line":93,"column":32}},"48":{"start":{"line":96,"column":6},"end":{"line":96,"column":33}},"49":{"start":{"line":101,"column":0},"end":{"line":105,"column":2}},"50":{"start":{"line":102,"column":2},"end":{"line":102,"column":28}},"51":{"start":{"line":103,"column":2},"end":{"line":103,"column":25}},"52":{"start":{"line":104,"column":2},"end":{"line":104,"column":32}},"53":{"start":{"line":107,"column":0},"end":{"line":109,"column":2}},"54":{"start":{"line":108,"column":2},"end":{"line":108,"column":55}},"55":{"start":{"line":113,"column":0},"end":{"line":119,"column":2}},"56":{"start":{"line":114,"column":2},"end":{"line":118,"column":3}},"57":{"start":{"line":115,"column":4},"end":{"line":115,"column":20}},"58":{"start":{"line":117,"column":4},"end":{"line":117,"column":19}},"59":{"start":{"line":121,"column":0},"end":{"line":140,"column":2}}},"branchMap":{"1":{"line":11,"type":"cond-expr","locations":[{"start":{"line":11,"column":70},"end":{"line":11,"column":73}},{"start":{"line":11,"column":76},"end":{"line":11,"column":92}}]},"2":{"line":11,"type":"binary-expr","locations":[{"start":{"line":11,"column":46},"end":{"line":11,"column":49}},{"start":{"line":11,"column":53},"end":{"line":11,"column":67}}]},"3":{"line":72,"type":"if","locations":[{"start":{"line":72,"column":4},"end":{"line":72,"column":4}},{"start":{"line":72,"column":4},"end":{"line":72,"column":4}}]},"4":{"line":92,"type":"if","locations":[{"start":{"line":92,"column":4},"end":{"line":92,"column":4}},{"start":{"line":92,"column":4},"end":{"line":92,"column":4}}]},"5":{"line":114,"type":"if","locations":[{"start":{"line":114,"column":2},"end":{"line":114,"column":2}},{"start":{"line":114,"column":2},"end":{"line":114,"column":2}}]}},"code":["'use strict';","","Object.defineProperty(exports, \"__esModule\", {","  value: true","});","","var _lodash = require('lodash');","","var _lodash2 = _interopRequireDefault(_lodash);","","function _interopRequireDefault(obj) { return obj && obj.__esModule ? obj : { default: obj }; }","","// This is used in a test to verify fall though works","// TODO: Move this into a fixture.","const bail = function bail(cb) {","  cb(true, null);","};","","const one = function one(cb) {","  cb(null, 'one');","};","","const num = function num(n, cb) {","  cb(null, n);","};","","const changetopic = function changetopic(n, cb) {","  this.user.setTopic(n).then(() => cb(null, ''));","};","","const changefunctionreply = function changefunctionreply(newtopic, cb) {","  cb(null, `{topic=${newtopic}}`);","};","","const doSomething = function doSomething(cb) {","  console.log('this.message.raw', this.message.raw);","  cb(null, 'function');","};","","const breakFunc = function breakFunc(cb) {","  cb(null, '', true);","};","","const nobreak = function nobreak(cb) {","  cb(null, '', false);","};","","const objparam1 = function objparam1(cb) {","  const data = {","    text: 'world',","    attachments: [{","      text: 'Optional text that appears *within* the attachment'","    }]","  };","  cb(null, data);","};","","const objparam2 = function objparam2(cb) {","  cb(null, { test: 'hello', text: 'world' });","};","","const showScope = function showScope(cb) {","  cb(null, `${this.extraScope.key} ${this.user.id} ${this.message.clean}`);","};","","const word = function word(word1, word2, cb) {","  cb(null, word1 === word2);","};","","const hasFirstName = function hasFirstName(bool, cb) {","  this.user.getVar('firstName', (e, name) => {","    if (name !== null) {","      cb(null, bool === 'true');","    } else {","      cb(null, bool === 'false');","    }","  });","};","","const getUserId = function getUserId(cb) {","  const userID = this.user.id;","  const that = this;","  // console.log(\"CMP1\", _.isEqual(userID, that.user.id));","  return that.bot.getUser('userB', (err, user) => {","    console.log('CMP2', _lodash2.default.isEqual(userID, that.user.id));","    cb(null, that.user.id);","  });","};","","const hasName = function hasName(bool, cb) {","  this.user.getVar('name', (e, name) => {","    if (name !== null) {","      cb(null, bool === 'true');","    } else {","      // We have no name","      cb(null, bool === 'false');","    }","  });","};","","const testCustomArgs = function testCustomArgs(myObj, myArr, cb) {","  const part1 = myObj.myKey;","  const part2 = myArr[0];","  cb(null, `${part1} ${part2}`);","};","","const testMoreTags = function testMoreTags(topic, trigger, cb) {","  cb(null, `^topicRedirect(\"${topic}\", \"${trigger}\")`);","};","","// This function is called from the topic filter function","// Return true if you want the method to filter it out","const filterTopic = function filterTopic(cb) {","  if (this.topic.name === 'filter2') {","    cb(null, false);","  } else {","    cb(null, true);","  }","};","","exports.default = {","  bail,","  breakFunc,","  doSomething,","  changefunctionreply,","  changetopic,","  getUserId,","  hasFirstName,","  hasName,","  nobreak,","  num,","  objparam1,","  objparam2,","  one,","  showScope,","  testCustomArgs,","  testMoreTags,","  word,","  filterTopic","};"],"l":{"3":1,"7":1,"9":1,"11":1,"15":1,"16":0,"19":1,"20":0,"23":1,"24":0,"27":1,"28":0,"31":1,"32":0,"35":1,"36":0,"37":0,"40":1,"41":0,"44":1,"45":0,"48":1,"49":0,"55":0,"58":1,"59":0,"62":1,"63":0,"66":1,"67":0,"70":1,"71":0,"72":0,"73":0,"75":0,"80":1,"81":0,"82":0,"84":0,"85":0,"86":0,"90":1,"91":0,"92":0,"93":0,"96":0,"101":1,"102":0,"103":0,"104":0,"107":1,"108":0,"113":1,"114":0,"115":0,"117":0,"121":1}}}